[0, 0, 0.8556395173072815, 0.4166666666666667]
[0, 1, 0.5387229919433594, 0.5833333333333334]
[0, 2, 1.8180140256881714, 0.5555555555555556]
[0, 3, 0.738527774810791, 0.5416666666666666]
[0, 4, 1.7667641639709473, 0.5333333333333333]
[0, 5, 1.2360738515853882, 0.4722222222222222]
[0, 6, 2.6427078247070312, 0.47619047619047616]
[0, 7, 2.023123025894165, 0.4895833333333333]
[0, 8, 0.8361616730690002, 0.5]
[0, 9, 2.1883468627929688, 0.49166666666666664]
[0, 10, 2.558229923248291, 0.4621212121212121]
[0, 11, 1.7771936655044556, 0.4791666666666667]
[0, 12, 2.279209613800049, 0.5]
[0, 13, 5.880831241607666, 0.5]
[0, 14, 2.1068975925445557, 0.5166666666666667]
[0, 15, 1.464687466621399, 0.5260416666666666]
[0, 16, 1.3242031335830688, 0.5294117647058824]
[0, 17, 3.1608593463897705, 0.5277777777777778]
[0, 18, 1.6864937543869019, 0.5350877192982456]
[0, 19, 0.6592054963111877, 0.5291666666666667]
[0, 20, 3.073981523513794, 0.5198412698412699]
[0, 21, 0.4431382417678833, 0.5303030303030303]
[0, 22, 0.41975483298301697, 0.5398550724637681]
[0, 23, 2.509584665298462, 0.53125]
[0, 24, 0.736320972442627, 0.5366666666666666]
[0, 25, 1.459580898284912, 0.532051282051282]
[0, 26, 0.9498279690742493, 0.5339506172839507]
[0, 27, 0.9313475489616394, 0.5327380952380952]
[0, 28, 1.6475759744644165, 0.5344827586206896]
[0, 29, 2.6701371669769287, 0.525]
[0, 30, 1.4324755668640137, 0.5241935483870968]
[0, 31, 3.5244204998016357, 0.5208333333333334]
[0, 32, 1.7465534210205078, 0.5227272727272727]
[0, 33, 1.040889859199524, 0.5220588235294118]
[0, 34, 2.4283699989318848, 0.5166666666666667]
[0, 35, 0.4495027959346771, 0.5254629629629629]
[0, 36, 1.2313674688339233, 0.5292792792792793]
[0, 37, 2.075946569442749, 0.5285087719298246]
[0, 38, 1.020951509475708, 0.5256410256410257]
[0, 39, 2.751254081726074, 0.51875]
[0, 40, 1.6107062101364136, 0.5203252032520326]
[0, 41, 0.9323758482933044, 0.5178571428571429]
[0, 42, 1.7497409582138062, 0.5174418604651163]
[0, 43, 1.4179655313491821, 0.5170454545454546]
[0, 44, 2.3513567447662354, 0.5222222222222223]
[0, 45, 0.9160363674163818, 0.5271739130434783]
[0, 46, 2.59291672706604, 0.526595744680851]
[0, 47, 1.4567259550094604, 0.5295138888888888]
[0, 48, 0.44727209210395813, 0.532312925170068]
[0, 49, 2.0767924785614014, 0.5316666666666666]
[0, 50, 1.3858853578567505, 0.5343137254901961]
[0, 51, 0.9476391673088074, 0.5336538461538461]
[0, 52, 0.5816208124160767, 0.5377358490566038]
[0, 53, 1.9243427515029907, 0.5385802469135802]
[0, 54, 2.2180140018463135, 0.5378787878787878]
[0, 55, 1.356022834777832, 0.5386904761904762]
[0, 56, 0.83034348487854, 0.5380116959064327]
[0, 57, 2.27604603767395, 0.5344827586206896]
[0, 58, 0.42037662863731384, 0.53954802259887]
[0, 59, 0.8863530158996582, 0.5430555555555555]
[0, 60, 1.1516406536102295, 0.5450819672131147]
[0, 61, 0.8321080207824707, 0.543010752688172]
[0, 62, 1.4519926309585571, 0.541005291005291]
[0, 63, 2.2109994888305664, 0.5390625]
[0, 64, 1.7056397199630737, 0.5384615384615384]
[0, 65, 2.3200631141662598, 0.5366161616161617]
[0, 66, 1.1922404766082764, 0.5398009950248757]
[0, 67, 1.3631373643875122, 0.5379901960784313]
[0, 68, 0.6423972845077515, 0.5410628019323671]
[0, 69, 2.3521790504455566, 0.5404761904761904]
[0, 70, 1.1764580011367798, 0.5422535211267606]
[0, 71, 0.6480080485343933, 0.5439814814814815]
[0, 72, 0.8689427375793457, 0.5445205479452054]
[0, 73, 0.7062849998474121, 0.5484234234234234]
[0, 74, 1.9053215980529785, 0.55]
[0, 75, 1.142128348350525, 0.5526315789473685]
[0, 76, 1.6024208068847656, 0.553030303030303]
[0, 77, 0.8304746747016907, 0.5534188034188035]
[0, 78, 6.053712844848633, 0.5485232067510548]
[0, 79, 0.650217592716217, 0.5489583333333333]
[0, 80, 0.4602903127670288, 0.5524691358024691]
[0, 81, 0.9925451278686523, 0.5548780487804879]
[0, 82, 0.3494919538497925, 0.5592369477911646]
[0, 83, 0.5673648715019226, 0.5625]
[0, 84, 1.01321542263031, 0.5627450980392157]
[0, 85, 0.9195380806922913, 0.562015503875969]
[0, 86, 1.23996102809906, 0.5603448275862069]
[0, 87, 0.7655842304229736, 0.5587121212121212]
[0, 88, 0.40395864844322205, 0.5617977528089888]
[0, 89, 2.0178306102752686, 0.5611111111111111]
[0, 90, 2.4794912338256836, 0.5595238095238095]
[0, 91, 0.6001123189926147, 0.5606884057971014]
[0, 92, 1.30374014377594, 0.5591397849462365]
[0, 93, 2.49133563041687, 0.5567375886524822]
[0, 94, 1.0761909484863281, 0.5570175438596491]
[0, 95, 0.11506393551826477, 0.5607638888888888]
[0, 96, 1.037576675415039, 0.5627147766323024]
[0, 97, 0.8761019706726074, 0.5654761904761905]
[0, 98, 1.1763134002685547, 0.5673400673400674]
[0, 99, 0.926514208316803, 0.57]
[0, 100, 0.45321688055992126, 0.5734323432343235]
[0, 101, 2.452845335006714, 0.5735294117647058]
[0, 102, 2.88257098197937, 0.5744336569579288]
[0, 103, 2.268658399581909, 0.5745192307692307]
[0, 104, 3.1778182983398438, 0.573015873015873]
[0, 105, 1.3709243535995483, 0.5731132075471698]
[0, 106, 0.3818518817424774, 0.5755451713395638]
[0, 107, 2.254225492477417, 0.5748456790123457]
[0, 108, 1.5875438451766968, 0.5756880733944955]
[0, 109, 2.8733279705047607, 0.575]
[0, 110, 4.471984386444092, 0.5720720720720721]
[0, 111, 0.31925663352012634, 0.5744047619047619]
[0, 112, 2.218884229660034, 0.5722713864306784]
[0, 113, 0.8529899716377258, 0.5745614035087719]
[0, 114, 1.2484550476074219, 0.5746376811594203]
[0, 115, 0.40903544425964355, 0.5761494252873564]
[0, 116, 1.980759620666504, 0.5754985754985755]
[0, 117, 2.1103310585021973, 0.5734463276836158]
[0, 118, 2.334869384765625, 0.5756302521008403]
[0, 119, 0.6158722043037415, 0.5763888888888888]
[0, 120, 2.5107574462890625, 0.5757575757575758]
[0, 121, 1.059721827507019, 0.5771857923497268]
[0, 122, 1.0091567039489746, 0.5785907859078591]
[0, 123, 0.4672747552394867, 0.5806451612903226]
[0, 124, 0.27254095673561096, 0.5833333333333334]
[0, 125, 0.6367653608322144, 0.5833333333333334]
[0, 126, 0.9046702980995178, 0.5820209973753281]
[0, 127, 0.2991867959499359, 0.5846354166666666]
[0, 128, 1.1113289594650269, 0.58656330749354]
[0, 129, 0.5788658261299133, 0.5878205128205128]
[0, 130, 1.3646050691604614, 0.5884223918575063]
[0, 131, 0.7464821934700012, 0.5896464646464646]
[0, 132, 0.30175867676734924, 0.5921052631578947]
[0, 133, 0.4067628085613251, 0.5939054726368159]
[0, 134, 0.3568688631057739, 0.595679012345679]
[0, 135, 1.0094172954559326, 0.5962009803921569]
[0, 136, 0.32563281059265137, 0.5985401459854015]
[0, 137, 0.4171501100063324, 0.6008454106280193]
[0, 138, 1.2598891258239746, 0.6007194244604317]
[0, 139, 1.3473082780838013, 0.6005952380952381]
[0, 140, 0.20118503272533417, 0.6028368794326241]
[0, 141, 0.46530959010124207, 0.6038732394366197]
[0, 142, 0.5211448669433594, 0.6054778554778555]
[0, 143, 0.5010820031166077, 0.6047453703703703]
[0, 144, 0.3320259749889374, 0.6057471264367816]
[0, 145, 0.45361554622650146, 0.6073059360730594]
[0, 146, 0.3928087055683136, 0.608843537414966]
[0, 147, 0.23699752986431122, 0.6109234234234234]
[0, 148, 1.003727674484253, 0.6112975391498882]
[0, 149, 0.32681897282600403, 0.6133333333333333]
[0, 150, 1.1390677690505981, 0.6131346578366446]
[0, 151, 0.6153948307037354, 0.6140350877192983]
[0, 152, 0.4604705572128296, 0.6149237472766884]
[0, 153, 0.49783119559288025, 0.6158008658008658]
[0, 154, 0.1977752447128296, 0.6172043010752688]
[0, 155, 1.629167914390564, 0.6164529914529915]
[0, 156, 1.726111888885498, 0.6141188959660298]
[0, 157, 0.20021112263202667, 0.6160337552742616]
[0, 158, 0.07259564846754074, 0.6184486373165619]
[0, 159, 1.0437334775924683, 0.61875]
[0, 160, 0.7128923535346985, 0.6195652173913043]
[0, 161, 1.199939489364624, 0.6203703703703703]
[0, 162, 2.022836923599243, 0.6196319018404908]
[0, 163, 0.7503270506858826, 0.6204268292682927]
[0, 164, 0.05775719881057739, 0.6227272727272727]
[0, 165, 0.8109835982322693, 0.6234939759036144]
[0, 166, 0.24724896252155304, 0.625249500998004]
[0, 167, 0.2879159152507782, 0.626984126984127]
[0, 168, 0.7138503193855286, 0.6282051282051282]
[0, 169, 0.1687760204076767, 0.6299019607843137]
[0, 170, 0.19636811316013336, 0.631578947368421]
[0, 171, 0.31736424565315247, 0.6332364341085271]
[0, 172, 0.2800582945346832, 0.6348747591522158]
[0, 173, 0.6946411728858948, 0.6355363984674329]
[0, 174, 0.7176424860954285, 0.6361904761904762]
[0, 175, 0.19157719612121582, 0.6377840909090909]
[0, 176, 0.1217179074883461, 0.6393596986817326]
[0, 177, 0.6230327486991882, 0.6399812734082397]
[0, 178, 1.2459272146224976, 0.6405959031657356]
[0, 179, 1.4179744720458984, 0.6412037037037037]
[0, 180, 1.570313572883606, 0.6408839779005525]
[0, 181, 0.47592079639434814, 0.641941391941392]
[0, 182, 0.11449553817510605, 0.6438979963570127]
[0, 183, 0.5089002251625061, 0.6444746376811594]
[0, 184, 0.29535117745399475, 0.6454954954954955]
[0, 185, 0.3725247085094452, 0.646505376344086]
[0, 186, 0.46688342094421387, 0.6470588235294118]
[0, 187, 0.1786574125289917, 0.648936170212766]
[0, 188, 0.5833615660667419, 0.6499118165784833]
[0, 189, 0.4619247019290924, 0.6508771929824562]
[0, 190, 0.6734266877174377, 0.6518324607329843]
[0, 191, 0.49727141857147217, 0.6527777777777778]
[0, 192, 0.1990397423505783, 0.6541450777202072]
[0, 193, 0.2127400040626526, 0.6554982817869416]
[0, 194, 0.38684752583503723, 0.655982905982906]
[0, 195, 0.5858153700828552, 0.6564625850340136]
[0, 196, 0.5266894698143005, 0.6577834179357022]
[0, 197, 0.4066637456417084, 0.6582491582491582]
[0, 198, 0.37465253472328186, 0.6591289782244556]
[0, 199, 0.44121137261390686, 0.6595833333333333]
[0, 200, 0.6509774923324585, 0.6600331674958541]
[0, 201, 0.22486098110675812, 0.6613036303630363]
[0, 202, 0.7823076248168945, 0.6617405582922824]
[0, 203, 0.649092972278595, 0.6617647058823529]
[0, 204, 0.29895174503326416, 0.6621951219512195]
[0, 205, 0.606532096862793, 0.662621359223301]
[0, 206, 0.3251159191131592, 0.6634460547504025]
[0, 207, 0.9082875847816467, 0.6642628205128205]
[0, 208, 0.7102813720703125, 0.6634768740031898]
[0, 209, 0.3302464187145233, 0.6646825396825397]
[0, 210, 0.6348651647567749, 0.665481832543444]
[0, 211, 0.26153823733329773, 0.6666666666666666]
[0, 212, 0.7461749911308289, 0.667057902973396]
[0, 213, 0.9774357676506042, 0.6666666666666666]
[0, 214, 0.37475380301475525, 0.6674418604651163]
[0, 215, 0.41793712973594666, 0.6685956790123457]
[0, 216, 1.2128194570541382, 0.6674347158218126]
[0, 217, 0.5077928900718689, 0.6678134556574924]
[0, 218, 0.2661420404911041, 0.6693302891933028]
[0, 219, 1.8612579107284546, 0.6696969696969697]
[0, 220, 1.3915104866027832, 0.6693061840120663]
[0, 221, 0.47433724999427795, 0.6704204204204204]
[0, 222, 0.6609494090080261, 0.6711509715994021]
[0, 223, 0.1386554092168808, 0.6722470238095238]
[0, 224, 0.7991873621940613, 0.6725925925925926]
[0, 225, 0.36726632714271545, 0.6736725663716814]
[0, 226, 0.569181501865387, 0.6743759177679882]
[0, 227, 0.4708784520626068, 0.6747076023391813]
[0, 228, 0.24954688549041748, 0.675764192139738]
[0, 229, 0.3304891586303711, 0.6764492753623188]
[0, 230, 0.42614492774009705, 0.6771284271284271]
[0, 231, 2.1570565700531006, 0.6781609195402298]
[0, 232, 0.22573167085647583, 0.6791845493562232]
[0, 233, 0.7623499035835266, 0.6791310541310541]
[0, 234, 0.388843297958374, 0.6797872340425531]
[0, 235, 0.25993722677230835, 0.6807909604519774]
[0, 236, 0.5003935694694519, 0.6814345991561181]
[0, 237, 0.04553660750389099, 0.6827731092436975]
[0, 238, 0.788552463054657, 0.6830543933054394]
[0, 239, 0.23887188732624054, 0.6836805555555555]
[0, 240, 0.9377920627593994, 0.6839557399723375]
[0, 241, 0.3322620689868927, 0.6845730027548209]
[0, 242, 0.19889886677265167, 0.6855281207133059]
[0, 243, 0.16983802616596222, 0.6864754098360656]
[0, 244, 0.8599080443382263, 0.6863945578231293]
[0, 245, 0.14812533557415009, 0.6876693766937669]
[0, 246, 0.6660051345825195, 0.6875843454790823]
[0, 247, 0.13836324214935303, 0.6888440860215054]
[0, 248, 0.5778695940971375, 0.6890896921017403]
[0, 249, 0.626538097858429, 0.689]
[0, 250, 0.5193949341773987, 0.6895750332005313]
[0, 251, 0.1608515977859497, 0.6904761904761905]
[0, 252, 0.5058764815330505, 0.6913702239789197]
[0, 253, 0.5622479319572449, 0.6916010498687664]
[0, 254, 0.10384305566549301, 0.6928104575163399]
[0, 255, 0.1932433396577835, 0.6936848958333334]
[0, 256, 0.23060190677642822, 0.6942282749675746]
[0, 257, 0.73236083984375, 0.6947674418604651]
[0, 258, 0.7300018668174744, 0.6956241956241956]
[0, 259, 1.9665627479553223, 0.6942307692307692]
[0, 260, 0.8896946310997009, 0.6941251596424011]
[0, 261, 0.20569711923599243, 0.6949745547073791]
[0, 262, 0.5708637833595276, 0.6951837769328264]
[0, 263, 1.4618803262710571, 0.694760101010101]
[0, 264, 0.5299648642539978, 0.6940251572327044]
[0, 265, 1.4574909210205078, 0.693922305764411]
[0, 266, 0.9968413710594177, 0.6941323345817728]
[0, 267, 0.30198171734809875, 0.6946517412935324]
[0, 268, 0.08260317891836166, 0.6954770755885997]
[0, 269, 0.049627359956502914, 0.696604938271605]
[0, 270, 0.00605310732498765, 0.6977244772447725]
[0, 271, 1.5618352890014648, 0.6976102941176471]
[0, 272, 0.581874668598175, 0.6981074481074481]
[0, 273, 0.8558675646781921, 0.6982968369829684]
[0, 274, 2.4638190269470215, 0.6981818181818182]
[0, 275, 0.5968034863471985, 0.6986714975845411]
[0, 276, 0.4884209632873535, 0.6994584837545126]
[0, 277, 0.030602047219872475, 0.7005395683453237]
[0, 278, 0.4094513952732086, 0.701015531660693]
[0, 279, 0.05322561785578728, 0.7020833333333333]
[0, 280, 2.0092010498046875, 0.7019572953736655]
[0, 281, 0.358612060546875, 0.7021276595744681]
[0, 282, 0.06296747177839279, 0.7031802120141343]
[0, 283, 0.3898880183696747, 0.7039319248826291]
[0, 284, 0.2531597912311554, 0.7046783625730995]
[0, 285, 0.041117891669273376, 0.7057109557109557]
[0, 286, 0.4303969144821167, 0.7061556329849012]
[0, 287, 0.05120247229933739, 0.7071759259259259]
[0, 288, 0.2522035539150238, 0.7079008073817762]
[0, 289, 0.07426472753286362, 0.7089080459770115]
[0, 290, 0.19089579582214355, 0.7096219931271478]
[0, 291, 0.5901373624801636, 0.7100456621004566]
[0, 292, 0.49337491393089294, 0.7104664391353811]
[0, 293, 0.28924837708473206, 0.7106009070294784]
[0, 294, 0.1902078539133072, 0.7112994350282486]
[0, 295, 0.14380992949008942, 0.7119932432432432]
[0, 296, 0.10121345520019531, 0.7129629629629629]
[0, 297, 0.41330718994140625, 0.7133668903803132]
[0, 298, 0.10533628612756729, 0.7143255295429208]
[0, 299, 1.3435593843460083, 0.7138888888888889]
[0, 300, 0.2373460978269577, 0.7142857142857143]
[0, 301, 0.4325608015060425, 0.7146799116997793]
[0, 302, 0.8488622307777405, 0.7147964796479648]
[0, 303, 0.20491011440753937, 0.7154605263157895]
[0, 304, 0.1676674336194992, 0.7163934426229508]
[0, 305, 0.6568523049354553, 0.7167755991285403]
[0, 306, 0.2549070119857788, 0.7174267100977199]
[0, 307, 0.7789369225502014, 0.7178030303030303]
[0, 308, 2.739581823348999, 0.7173678532901834]
[0, 309, 0.12857134640216827, 0.7182795698924731]
[0, 310, 0.42262783646583557, 0.7186495176848875]
[0, 311, 0.3731762170791626, 0.719017094017094]
[0, 312, 1.0339821577072144, 0.7188498402555911]
[0, 313, 0.4531240463256836, 0.7189490445859873]
[0, 314, 0.19474343955516815, 0.7195767195767195]
[0, 315, 0.8199257850646973, 0.7191455696202531]
[0, 316, 0.09484279900789261, 0.7200315457413249]
[0, 317, 0.14751987159252167, 0.7206498951781971]
[0, 318, 1.1247048377990723, 0.7202194357366771]
[0, 319, 2.3676717281341553, 0.7200520833333334]
[0, 320, 0.22856901586055756, 0.7206645898234684]
[0, 321, 0.32001665234565735, 0.7210144927536232]
[0, 322, 1.6745065450668335, 0.7205882352941176]
[0, 323, 0.3394293785095215, 0.7211934156378601]
[0, 324, 0.2520018219947815, 0.7215384615384616]
[0, 325, 0.05884218215942383, 0.7223926380368099]
[0, 326, 0.2807680666446686, 0.7227319062181448]
[0, 327, 1.3051878213882446, 0.7223069105691057]
[0, 328, 0.29333558678627014, 0.7226443768996961]
[0, 329, 0.7227240204811096, 0.722979797979798]
[0, 330, 0.4409576654434204, 0.723313192346425]
[0, 331, 0.09921260923147202, 0.7241465863453815]
[0, 332, 0.29732078313827515, 0.7247247247247247]
[0, 333, 0.18106669187545776, 0.7252994011976048]
[0, 334, 0.7905755639076233, 0.7258706467661692]
[0, 335, 0.4654768407344818, 0.7261904761904762]
[0, 336, 0.6737332940101624, 0.7265084075173096]
[0, 337, 0.5782221555709839, 0.7270710059171598]
[0, 338, 0.1230638399720192, 0.727630285152409]
[0, 339, 0.8953509330749512, 0.7279411764705882]
[0, 340, 1.0847325325012207, 0.727761485826002]
[0, 341, 0.44127511978149414, 0.7280701754385965]
[0, 342, 1.0028841495513916, 0.7278911564625851]
[0, 343, 0.35486018657684326, 0.7281976744186046]
[0, 344, 0.2262265831232071, 0.728743961352657]
[0, 345, 0.45534563064575195, 0.7285645472061657]
[0, 346, 0.4272277355194092, 0.7286263208453411]
[0, 347, 0.5122233033180237, 0.7286877394636015]
[0, 348, 1.3679784536361694, 0.728748806112703]
[0, 349, 0.4033547341823578, 0.7288095238095238]
[0, 350, 3.7687385082244873, 0.7283950617283951]
[0, 351, 0.7395678162574768, 0.728219696969697]
[0, 352, 0.888539731502533, 0.7280453257790368]
[0, 353, 0.1093733087182045, 0.728578154425612]
[0, 354, 1.2536989450454712, 0.7284037558685446]
[0, 355, 0.5558784604072571, 0.7284644194756554]
[0, 356, 0.4071981906890869, 0.7289915966386554]
[0, 357, 0.43168196082115173, 0.7292830540037244]
[0, 358, 0.3161678612232208, 0.7298050139275766]
[0, 359, 0.2849121689796448, 0.7303240740740741]
[0, 360, 0.6248248219490051, 0.7306094182825484]
[0, 361, 1.220661997795105, 0.7304327808471455]
[0, 362, 0.3671608865261078, 0.7309458218549127]
[0, 363, 1.2771209478378296, 0.7300824175824175]
[0, 364, 0.5977662205696106, 0.7301369863013699]
[0, 365, 0.6953386664390564, 0.730191256830601]
[0, 366, 0.3456883430480957, 0.7302452316076294]
[0, 367, 0.32187095284461975, 0.7302989130434783]
[0, 368, 0.9716331958770752, 0.7303523035230353]
[0, 369, 0.09272869676351547, 0.731081081081081]
[0, 370, 0.19826875627040863, 0.731581311769991]
[0, 371, 0.3586399555206299, 0.7316308243727598]
[0, 372, 0.1555565446615219, 0.7321268990169795]
[0, 373, 0.5432285666465759, 0.732174688057041]
[0, 374, 0.3501338064670563, 0.7324444444444445]
[0, 375, 0.3145041763782501, 0.7327127659574468]
[0, 376, 0.6444525122642517, 0.7325375773651636]
[0, 377, 1.008008599281311, 0.732583774250441]
[0, 378, 0.19144827127456665, 0.7330694810905892]
[0, 379, 0.236505389213562, 0.7335526315789473]
[0, 380, 0.13045494258403778, 0.734251968503937]
[0, 381, 0.2930808365345001, 0.7347294938917975]
[0, 382, 0.19345195591449738, 0.7352045256744996]
[0, 383, 1.132393717765808, 0.7345920138888888]
[0, 384, 0.11759582161903381, 0.7352813852813853]
[0, 385, 0.23569457232952118, 0.7357512953367875]
[0, 386, 0.8954550623893738, 0.7360034453057709]
[0, 387, 0.5213965773582458, 0.7362542955326461]
[0, 388, 0.11745858192443848, 0.7369323050556984]
[0, 389, 0.04079191014170647, 0.7376068376068377]
[0, 390, 0.030708828940987587, 0.7382779198635976]
[0, 391, 0.2850635349750519, 0.7385204081632653]
[0, 392, 0.007801314350217581, 0.7391857506361323]
[0, 393, 0.035722147673368454, 0.7398477157360406]
[0, 394, 0.09864374995231628, 0.740295358649789]
[0, 395, 1.636515736579895, 0.7403198653198653]
[0, 396, 0.3362376391887665, 0.7405541561712846]
[0, 397, 0.4994288384914398, 0.7409966499162479]
[0, 398, 1.290619134902954, 0.7410192147034252]
[0, 399, 0.019662057980895042, 0.7416666666666667]
[0, 400, 0.3410944938659668, 0.7418952618453866]
[0, 401, 0.1456901878118515, 0.742330016583748]
[0, 402, 0.5750998258590698, 0.7427626137303557]
[0, 403, 0.16717833280563354, 0.7431930693069307]
[0, 404, 0.4668627679347992, 0.7430041152263375]
[0, 405, 0.05424131080508232, 0.7436371100164204]
[0, 406, 0.695522129535675, 0.7440622440622441]
[0, 407, 0.3462965488433838, 0.744281045751634]
[0, 408, 0.3710925579071045, 0.7444987775061125]
[0, 409, 0.5268256068229675, 0.7449186991869918]
[0, 410, 0.8055925965309143, 0.7453365774533658]
[0, 411, 0.5244573950767517, 0.7453478964401294]
[0, 412, 0.715631902217865, 0.7453591606133979]
[0, 413, 0.11332434415817261, 0.7457729468599034]
[0, 414, 0.053102046251297, 0.7463855421686747]
[0, 415, 0.38719072937965393, 0.7465945512820513]
[0, 416, 0.37193819880485535, 0.7470023980815348]
[0, 417, 0.4931614398956299, 0.7472089314194578]
[0, 418, 0.26999881863594055, 0.7474144789180589]
[0, 419, 0.5647079348564148, 0.7476190476190476]
[0, 420, 0.07245105504989624, 0.7482185273159145]
[0, 421, 0.20040078461170197, 0.7486176935229067]
[0, 422, 0.6793241500854492, 0.7488179669030733]
[0, 423, 0.3629727065563202, 0.7490172955974843]
[0, 424, 0.9924386143684387, 0.7488235294117647]
[0, 425, 0.12494847178459167, 0.7492175273865415]
[0, 426, 1.9039987325668335, 0.749024199843872]
[0, 427, 0.5108360648155212, 0.7490264797507789]
[0, 428, 0.9882726669311523, 0.749028749028749]
[0, 429, 0.05259047448635101, 0.7496124031007751]
[0, 430, 0.18841050565242767, 0.75]
[0, 431, 0.5427752137184143, 0.7501929012345679]
[0, 432, 0.4472956657409668, 0.7501924557351809]
[0, 433, 0.5356127619743347, 0.7503840245775729]
[0, 434, 0.2008771300315857, 0.7507662835249043]
[0, 435, 0.18153207004070282, 0.7511467889908257]
[0, 436, 0.3498696982860565, 0.7515255530129672]
[0, 437, 0.21101652085781097, 0.7519025875190258]
[0, 438, 0.3576299250125885, 0.7522779043280182]
[0, 439, 0.21932847797870636, 0.7526515151515152]
[0, 440, 0.35810938477516174, 0.7530234315948602]
[0, 441, 0.5835444927215576, 0.7526395173453997]
[0, 442, 0.24700291454792023, 0.7530097817908201]
[0, 443, 0.1998642086982727, 0.7533783783783784]
[0, 444, 0.16140659153461456, 0.7539325842696629]
[0, 445, 0.5035468935966492, 0.7539237668161435]
[0, 446, 0.040746595710515976, 0.7544742729306487]
[0, 447, 0.3733619153499603, 0.7544642857142857]
[0, 448, 0.13894736766815186, 0.7548255382331106]
[0, 449, 0.8323437571525574, 0.7546296296296297]
[0, 450, 0.8975129723548889, 0.754619364375462]
[0, 451, 0.21482837200164795, 0.7549778761061947]
[0, 452, 0.4373181164264679, 0.7551508462104488]
[0, 453, 1.1197270154953003, 0.7549559471365639]
[0, 454, 0.9424445033073425, 0.7545787545787546]
[0, 455, 0.609830915927887, 0.7545687134502924]
[0, 456, 0.1573793739080429, 0.7549234135667396]
[0, 457, 0.21529798209667206, 0.7552765647743813]
[0, 458, 3.3489739894866943, 0.7543572984749455]
[0, 459, 1.4190036058425903, 0.753804347826087]
[0, 460, 0.750114917755127, 0.7539768618944324]
[0, 461, 0.02259894274175167, 0.7545093795093795]
[0, 462, 0.005991329904645681, 0.7550395968322534]
[0, 463, 0.9971891045570374, 0.7550287356321839]
[0, 464, 0.02269459329545498, 0.7555555555555555]
[0, 465, 1.1083182096481323, 0.7553648068669528]
[0, 466, 0.2571704387664795, 0.7557102069950036]
[0, 467, 1.7476491928100586, 0.7555199430199431]
[0, 468, 0.7619834542274475, 0.755685856432125]
[0, 469, 0.5476211309432983, 0.7558510638297873]
[0, 470, 0.6278060078620911, 0.7560155697098372]
[0, 471, 1.2491146326065063, 0.7558262711864406]
[0, 472, 0.617580235004425, 0.7559901338971107]
[0, 473, 0.04697718098759651, 0.7565049226441631]
[0, 474, 1.4448537826538086, 0.7568421052631579]
[0, 475, 0.043441712856292725, 0.7573529411764706]
[0, 476, 0.26438018679618835, 0.7576869322152341]
[0, 477, 0.2856852412223816, 0.7580195258019525]
[0, 478, 0.26173365116119385, 0.7583507306889353]
[0, 479, 0.6645503044128418, 0.7583333333333333]
[0, 480, 0.5480665564537048, 0.7584892584892585]
[0, 481, 0.2714248597621918, 0.7588174273858921]
[0, 482, 0.4347819983959198, 0.7589717046238785]
[0, 483, 0.11282948404550552, 0.7592975206611571]
[0, 484, 0.06280677765607834, 0.7597938144329897]
[0, 485, 0.533334493637085, 0.7599451303155007]
[0, 486, 1.583222508430481, 0.7594113620807666]
[0, 487, 0.11140621453523636, 0.7597336065573771]
[0, 488, 0.0971214696764946, 0.7602249488752556]
[0, 489, 0.14523100852966309, 0.7605442176870748]
[0, 490, 0.34961792826652527, 0.7608621860149355]
[0, 491, 0.4424377381801605, 0.760670731707317]
[0, 492, 0.365205854177475, 0.7604800540906017]
[0, 493, 1.1071127653121948, 0.7606275303643725]
[0, 494, 0.5891122221946716, 0.7606060606060606]
[0, 495, 0.00901495385915041, 0.7610887096774194]
[0, 496, 0.47865810990333557, 0.7610663983903421]
[0, 497, 0.8210335373878479, 0.7613788487282463]
[0, 498, 1.5817675590515137, 0.761189044756179]
[0, 499, 0.5069717764854431, 0.7613333333333333]
[0, 500, 0.5898587703704834, 0.7614770459081837]
[0, 501, 0.2026708722114563, 0.7617861885790173]
[0, 502, 0.28503257036209106, 0.7620941020543406]
[0, 503, 0.21385331451892853, 0.7624007936507936]
[0, 504, 0.15580688416957855, 0.7627062706270628]
[0, 505, 0.7032315135002136, 0.7625164690382081]
[0, 506, 0.17485804855823517, 0.7629848783694938]
[0, 507, 1.9928007125854492, 0.7631233595800525]
[0, 508, 0.27104148268699646, 0.7634250163719711]
[0, 509, 0.11607583612203598, 0.7638888888888888]
[1, 0, 0.151271790266037, 1.0]
[1, 1, 0.17898499965667725, 0.9583333333333334]
[1, 2, 0.07373354583978653, 0.9722222222222222]
[1, 3, 0.4634394943714142, 0.9583333333333334]
[1, 4, 0.37740302085876465, 0.9333333333333333]
[1, 5, 0.15476539731025696, 0.9305555555555556]
[1, 6, 0.4187498986721039, 0.9166666666666666]
[1, 7, 0.4513382911682129, 0.8958333333333334]
[1, 8, 0.22821569442749023, 0.8888888888888888]
[1, 9, 0.4115698039531708, 0.8833333333333333]
[1, 10, 0.12914042174816132, 0.8863636363636364]
[1, 11, 0.22655145823955536, 0.8888888888888888]
[1, 12, 0.1094725951552391, 0.8910256410256411]
[1, 13, 0.8766339421272278, 0.8928571428571429]
[1, 14, 0.24789142608642578, 0.8944444444444445]
[1, 15, 0.13812164962291718, 0.8958333333333334]
[1, 16, 0.8367524147033691, 0.8823529411764706]
[1, 17, 0.2698812186717987, 0.8796296296296297]
[1, 18, 0.4963327944278717, 0.8728070175438597]
[1, 19, 0.3846897780895233, 0.8708333333333333]
[1, 20, 0.4645104706287384, 0.8690476190476191]
[1, 21, 0.4411810338497162, 0.8674242424242424]
[1, 22, 0.2086130827665329, 0.8695652173913043]
[1, 23, 0.1319679170846939, 0.875]
[1, 24, 0.24127094447612762, 0.8766666666666667]
[1, 25, 0.09784577041864395, 0.8782051282051282]
[1, 26, 0.09230758994817734, 0.8827160493827161]
[1, 27, 0.3467186689376831, 0.8839285714285714]
[1, 28, 0.45603588223457336, 0.8793103448275862]
[1, 29, 0.2756900489330292, 0.8777777777777778]
[1, 30, 0.3047979772090912, 0.8763440860215054]
[1, 31, 0.0768965557217598, 0.8802083333333334]
[1, 32, 0.05988158658146858, 0.8838383838383839]
[1, 33, 0.08909108489751816, 0.8872549019607843]
[1, 34, 0.32148438692092896, 0.888095238095238]
[1, 35, 0.34443798661231995, 0.8842592592592593]
[1, 36, 0.07436145097017288, 0.8873873873873874]
[1, 37, 1.9913578033447266, 0.8793859649122807]
[1, 38, 0.5763879418373108, 0.8782051282051282]
[1, 39, 0.3649989068508148, 0.8791666666666667]
[1, 40, 0.12831850349903107, 0.8800813008130082]
[1, 41, 0.4227203130722046, 0.876984126984127]
[1, 42, 0.7344176769256592, 0.875968992248062]
[1, 43, 0.672431468963623, 0.8731060606060606]
[1, 44, 0.05468285083770752, 0.8759259259259259]
[1, 45, 0.05741335079073906, 0.8786231884057971]
[1, 46, 0.14160437881946564, 0.8794326241134752]
[1, 47, 0.03482969477772713, 0.8819444444444444]
[1, 48, 0.30992722511291504, 0.8809523809523809]
[1, 49, 0.044857461005449295, 0.8833333333333333]
[1, 50, 0.03957977890968323, 0.8856209150326797]
[1, 51, 0.07986609637737274, 0.8878205128205128]
[1, 52, 0.14197538793087006, 0.8883647798742138]
[1, 53, 0.40110209584236145, 0.8888888888888888]
[1, 54, 0.114191435277462, 0.8893939393939394]
[1, 55, 0.0883631706237793, 0.8913690476190477]
[1, 56, 0.08324656635522842, 0.8932748538011696]
[1, 57, 0.03738423064351082, 0.8951149425287356]
[1, 58, 0.18255162239074707, 0.8954802259887006]
[1, 59, 0.07390405982732773, 0.8972222222222223]
[1, 60, 0.5088605880737305, 0.8961748633879781]
[1, 61, 1.361628532409668, 0.8924731182795699]
[1, 62, 0.07364939898252487, 0.8941798941798942]
[1, 63, 0.2221236228942871, 0.89453125]
[1, 64, 0.1471337378025055, 0.8948717948717949]
[1, 65, 0.21276265382766724, 0.8939393939393939]
[1, 66, 0.4198187291622162, 0.8930348258706468]
[1, 67, 0.14592541754245758, 0.8933823529411765]
[1, 68, 0.4399559199810028, 0.8913043478260869]
[1, 69, 0.22450070083141327, 0.8916666666666667]
[1, 70, 0.02136513590812683, 0.8931924882629108]
[1, 71, 0.1667933613061905, 0.8935185185185185]
[1, 72, 0.29793068766593933, 0.8926940639269406]
[1, 73, 0.18543414771556854, 0.8930180180180181]
[1, 74, 0.17087580263614655, 0.8933333333333333]
[1, 75, 1.589579701423645, 0.893640350877193]
[1, 76, 0.03722859546542168, 0.895021645021645]
[1, 77, 0.3872896730899811, 0.8952991452991453]
[1, 78, 0.06255707144737244, 0.8966244725738397]
[1, 79, 0.07976485043764114, 0.8979166666666667]
[1, 80, 1.5614885091781616, 0.8940329218106996]
[1, 81, 0.04661403223872185, 0.8953252032520326]
[1, 82, 1.0653843879699707, 0.892570281124498]
[1, 83, 0.7352808117866516, 0.8898809523809523]
[1, 84, 0.361035019159317, 0.8892156862745098]
[1, 85, 0.7238352298736572, 0.8866279069767442]
[1, 86, 0.07846978306770325, 0.8879310344827587]
[1, 87, 0.17475342750549316, 0.8882575757575758]
[1, 88, 0.4827452003955841, 0.8885767790262172]
[1, 89, 0.18514560163021088, 0.8888888888888888]
[1, 90, 0.2010471373796463, 0.8901098901098901]
[1, 91, 0.2562600076198578, 0.8894927536231884]
[1, 92, 1.0052930116653442, 0.8897849462365591]
[1, 93, 0.16991515457630157, 0.8900709219858156]
[1, 94, 0.29496923089027405, 0.8894736842105263]
[1, 95, 0.3456018269062042, 0.8888888888888888]
[1, 96, 0.46614137291908264, 0.8891752577319587]
[1, 97, 0.05368006229400635, 0.8903061224489796]
[1, 98, 0.5025541186332703, 0.8888888888888888]
[1, 99, 0.8139154314994812, 0.8875]
[1, 100, 0.08316773921251297, 0.8877887788778878]
[1, 101, 0.7070544362068176, 0.886437908496732]
[1, 102, 0.26911765336990356, 0.8859223300970874]
[1, 103, 1.4692000150680542, 0.8830128205128205]
[1, 104, 0.43078482151031494, 0.8833333333333333]
[1, 105, 1.1338050365447998, 0.8812893081761006]
[1, 106, 0.32811295986175537, 0.8808411214953271]
[1, 107, 0.12128003686666489, 0.8811728395061729]
[1, 108, 0.9469781517982483, 0.8792048929663608]
[1, 109, 0.4470713138580322, 0.8795454545454545]
[1, 110, 0.24627262353897095, 0.8798798798798799]
[1, 111, 0.22541777789592743, 0.8802083333333334]
[1, 112, 0.1359085589647293, 0.8812684365781711]
[1, 113, 0.6581974029541016, 0.8801169590643275]
[1, 114, 0.3072679936885834, 0.8797101449275362]
[1, 115, 1.474091649055481, 0.8793103448275862]
[1, 116, 0.2113765925168991, 0.8789173789173789]
[1, 117, 0.2679300010204315, 0.8785310734463276]
[1, 118, 1.0198068618774414, 0.8781512605042017]
[1, 119, 0.09238138049840927, 0.8791666666666667]
[1, 120, 3.2885525226593018, 0.8787878787878788]
[1, 121, 0.15702863037586212, 0.8790983606557377]
[1, 122, 0.13657455146312714, 0.8794037940379403]
[1, 123, 0.2980632781982422, 0.8797043010752689]
[1, 124, 0.019304662942886353, 0.8806666666666667]
[1, 125, 0.010211199522018433, 0.8816137566137566]
[1, 126, 0.060674816370010376, 0.8825459317585301]
[1, 127, 0.3925802707672119, 0.8828125]
[1, 128, 0.5333468317985535, 0.8817829457364341]
[1, 129, 0.7199894785881042, 0.8814102564102564]
[1, 130, 0.5018875002861023, 0.8810432569974554]
[1, 131, 0.8827570080757141, 0.8800505050505051]
[1, 132, 0.3159920275211334, 0.8803258145363408]
[1, 133, 0.10428530722856522, 0.8805970149253731]
[1, 134, 0.09385421872138977, 0.8814814814814815]
[1, 135, 0.027399452403187752, 0.8823529411764706]
[1, 136, 0.24109871685504913, 0.8826034063260341]
[1, 137, 0.02738307975232601, 0.8834541062801933]
[1, 138, 0.06087834760546684, 0.8842925659472423]
[1, 139, 0.13685709238052368, 0.8845238095238095]
[1, 140, 0.01909182406961918, 0.8853427895981087]
[1, 141, 0.20005571842193604, 0.8855633802816901]
[1, 142, 0.20931090414524078, 0.8857808857808858]
[1, 143, 0.3279188573360443, 0.8854166666666666]
[1, 144, 0.3890831768512726, 0.885632183908046]
[1, 145, 0.1040131077170372, 0.8858447488584474]
[1, 146, 0.07686542719602585, 0.8866213151927438]
[1, 147, 0.4594396650791168, 0.8862612612612613]
[1, 148, 0.2726347744464874, 0.8864653243847874]
[1, 149, 0.11238458007574081, 0.8866666666666667]
[1, 150, 0.036094311624765396, 0.8874172185430463]
[1, 151, 0.07319511473178864, 0.8881578947368421]
[1, 152, 0.3851546347141266, 0.8877995642701525]
[1, 153, 0.043947163969278336, 0.8885281385281385]
[1, 154, 0.02082017995417118, 0.889247311827957]
[1, 155, 0.051972296088933945, 0.8899572649572649]
[1, 156, 0.43366917967796326, 0.8890658174097664]
[1, 157, 0.26351234316825867, 0.8887130801687764]
[1, 158, 0.10108401626348495, 0.8888888888888888]
[1, 159, 0.0563703216612339, 0.8895833333333333]
[1, 160, 0.13696622848510742, 0.889751552795031]
[1, 161, 0.06393744796514511, 0.8904320987654321]
[1, 162, 0.0565868504345417, 0.8911042944785276]
[1, 163, 0.19327092170715332, 0.891260162601626]
[1, 164, 0.44725504517555237, 0.8909090909090909]
[1, 165, 0.6765503287315369, 0.8910642570281124]
[1, 166, 0.028155162930488586, 0.8917165668662674]
[1, 167, 0.1296655535697937, 0.8923611111111112]
[1, 168, 0.15814615786075592, 0.8925049309664694]
[1, 169, 0.03726622089743614, 0.8931372549019608]
[1, 170, 0.06903328746557236, 0.8937621832358674]
[1, 171, 0.04508112743496895, 0.8943798449612403]
[1, 172, 0.06074419617652893, 0.894990366088632]
[1, 173, 0.5970463752746582, 0.8946360153256705]
[1, 174, 0.030904581770300865, 0.8952380952380953]
[1, 175, 0.2217056006193161, 0.8948863636363636]
[1, 176, 0.14355677366256714, 0.8950094161958568]
[1, 177, 0.07955494523048401, 0.8955992509363296]
[1, 178, 0.060390446335077286, 0.8961824953445066]
[1, 179, 0.10878917574882507, 0.8962962962962963]
[1, 180, 0.07233823835849762, 0.8968692449355433]
[1, 181, 0.3870175778865814, 0.896978021978022]
[1, 182, 0.15210746228694916, 0.8970856102003643]
[1, 183, 1.2304906845092773, 0.8958333333333334]
[1, 184, 0.11544599384069443, 0.8963963963963963]
[1, 185, 0.40186190605163574, 0.8960573476702509]
[1, 186, 0.0633942112326622, 0.8966131907308378]
[1, 187, 0.3788716793060303, 0.8967198581560284]
[1, 188, 0.2070760279893875, 0.8968253968253969]
[1, 189, 0.2726689875125885, 0.8969298245614035]
[1, 190, 0.16446667909622192, 0.8970331588132635]
[1, 191, 0.05730358883738518, 0.8975694444444444]
[1, 192, 0.027124235406517982, 0.8981001727115717]
[1, 193, 0.20070327818393707, 0.897766323024055]
[1, 194, 0.5599164962768555, 0.8978632478632479]
[1, 195, 0.1949940323829651, 0.8979591836734694]
[1, 196, 0.08534363657236099, 0.8980541455160744]
[1, 197, 0.271762877702713, 0.8981481481481481]
[1, 198, 0.014574130065739155, 0.8986599664991625]
[1, 199, 0.017249802127480507, 0.8991666666666667]
[1, 200, 0.1305743157863617, 0.8996683250414593]
[1, 201, 0.026606082916259766, 0.9001650165016502]
[1, 202, 0.18009920418262482, 0.9002463054187192]
[1, 203, 0.14034448564052582, 0.9003267973856209]
[1, 204, 0.43113288283348083, 0.9004065040650406]
[1, 205, 0.023945868015289307, 0.9008899676375405]
[1, 206, 0.22690944373607635, 0.9009661835748792]
[1, 207, 0.6794398427009583, 0.9002403846153846]
[1, 208, 0.6080891489982605, 0.8995215311004785]
[1, 209, 0.0353923998773098, 0.9]
[1, 210, 0.3240659534931183, 0.8996840442338072]
[1, 211, 0.01863049529492855, 0.9001572327044025]
[1, 212, 0.05167306587100029, 0.9006259780907668]
[1, 213, 0.0813053622841835, 0.9010903426791277]
[1, 214, 0.08467495441436768, 0.9015503875968992]
[1, 215, 0.15957005321979523, 0.9016203703703703]
[1, 216, 0.11338188499212265, 0.901689708141321]
[1, 217, 0.05940309166908264, 0.9021406727828746]
[1, 218, 0.5625888705253601, 0.9018264840182648]
[1, 219, 0.2458377629518509, 0.9018939393939394]
[1, 220, 0.18383093178272247, 0.9019607843137255]
[1, 221, 0.0465381033718586, 0.9024024024024024]
[1, 222, 0.05023539066314697, 0.9028400597907325]
[1, 223, 0.05040271207690239, 0.9032738095238095]
[1, 224, 0.2620382606983185, 0.9033333333333333]
[1, 225, 0.2707575857639313, 0.9033923303834809]
[1, 226, 0.11860284954309464, 0.9038179148311307]
[1, 227, 0.13129658997058868, 0.903874269005848]
[1, 228, 0.30400362610816956, 0.9039301310043668]
[1, 229, 0.2834480106830597, 0.9039855072463768]
[1, 230, 0.5755043029785156, 0.9033189033189033]
[1, 231, 0.14870361983776093, 0.9033764367816092]
[1, 232, 0.04939652979373932, 0.90379113018598]
[1, 233, 0.5147222876548767, 0.9038461538461539]
[1, 234, 0.1219027042388916, 0.9039007092198581]
[1, 235, 0.07117073982954025, 0.9043079096045198]
[1, 236, 0.24367935955524445, 0.9043600562587905]
[1, 237, 0.11278154700994492, 0.9044117647058824]
[1, 238, 0.040598198771476746, 0.9048117154811716]
[1, 239, 0.10568481683731079, 0.9048611111111111]
[1, 240, 0.15360309183597565, 0.9049100968188105]
[1, 241, 0.5070014595985413, 0.9046143250688705]
[1, 242, 0.04272135719656944, 0.9050068587105624]
[1, 243, 0.06479575484991074, 0.905396174863388]
[1, 244, 0.01627940870821476, 0.9057823129251701]
[1, 245, 0.1234833300113678, 0.9058265582655827]
[1, 246, 0.044850826263427734, 0.9062078272604588]
[1, 247, 0.09973742812871933, 0.9065860215053764]
[1, 248, 0.18786032497882843, 0.9066265060240963]
[1, 249, 0.03951644524931908, 0.907]
[1, 250, 0.17454849183559418, 0.9070385126162018]
[1, 251, 0.39917102456092834, 0.906084656084656]
[1, 252, 0.13634826242923737, 0.9061264822134387]
[1, 253, 0.03267712891101837, 0.906496062992126]
[1, 254, 0.1314188688993454, 0.9068627450980392]
[1, 255, 0.20915241539478302, 0.9065755208333334]
[1, 256, 0.1404544711112976, 0.9066147859922179]
[1, 257, 0.11710724979639053, 0.9066537467700259]
[1, 258, 0.30466508865356445, 0.9066924066924067]
[1, 259, 0.4198368489742279, 0.9067307692307692]
[1, 260, 0.28903716802597046, 0.9067688378033205]
[1, 261, 0.01881393790245056, 0.9071246819338422]
[1, 262, 0.176249161362648, 0.9071609632446135]
[1, 263, 0.26020994782447815, 0.9071969696969697]
[1, 264, 0.30421242117881775, 0.9069182389937107]
[1, 265, 0.01796754263341427, 0.9072681704260651]
[1, 266, 0.17369045317173004, 0.9073033707865169]
[1, 267, 0.17313481867313385, 0.9073383084577115]
[1, 268, 0.013562639243900776, 0.9076827757125155]
[1, 269, 0.21227574348449707, 0.9074074074074074]
[1, 270, 0.026085814461112022, 0.9077490774907749]
[1, 271, 0.40380915999412537, 0.9077818627450981]
[1, 272, 0.05651559308171272, 0.9081196581196581]
[1, 273, 0.03758998587727547, 0.9084549878345499]
[1, 274, 0.2360086441040039, 0.9084848484848485]
[1, 275, 0.15522418916225433, 0.9085144927536232]
[1, 276, 0.3290024995803833, 0.907942238267148]
[1, 277, 0.5576372742652893, 0.9073741007194245]
[1, 278, 0.08182262629270554, 0.9077060931899642]
[1, 279, 0.0950872078537941, 0.9080357142857143]
[1, 280, 0.07596654444932938, 0.9080664294187426]
[1, 281, 0.11412700265645981, 0.908096926713948]
[1, 282, 0.7676057815551758, 0.9078327444051826]
[1, 283, 0.25086694955825806, 0.9075704225352113]
[1, 284, 0.5192914605140686, 0.9070175438596492]
[1, 285, 0.26642274856567383, 0.907051282051282]
[1, 286, 0.8291295170783997, 0.9065040650406504]
[1, 287, 0.39060845971107483, 0.9065393518518519]
[1, 288, 0.21242667734622955, 0.9065743944636678]
[1, 289, 0.19606231153011322, 0.9066091954022989]
[1, 290, 0.29856932163238525, 0.9066437571592211]
[1, 291, 0.4357275068759918, 0.906392694063927]
[1, 292, 0.11800986528396606, 0.9064277588168373]
[1, 293, 0.04386848583817482, 0.9067460317460317]
[1, 294, 0.40753173828125, 0.906497175141243]
[1, 295, 0.4326232969760895, 0.9059684684684685]
[1, 296, 0.012468795292079449, 0.9062850729517397]
[1, 297, 0.014310021884739399, 0.906599552572707]
[1, 298, 0.02903483249247074, 0.9069119286510591]
[1, 299, 0.10287245362997055, 0.9069444444444444]
[1, 300, 0.034599412232637405, 0.9072535991140642]
[1, 301, 0.8195098042488098, 0.9070088300220751]
[1, 302, 0.14954864978790283, 0.907040704070407]
[1, 303, 0.03594115003943443, 0.9073464912280702]
[1, 304, 0.45415249466896057, 0.907103825136612]
[1, 305, 0.025903761386871338, 0.9074074074074074]
[1, 306, 0.09778014570474625, 0.9074375678610206]
[1, 307, 0.10750916600227356, 0.9077380952380952]
[1, 308, 0.15733757615089417, 0.9077669902912622]
[1, 309, 0.08470312505960464, 0.9080645161290323]
[1, 310, 0.3347749710083008, 0.9078242229367631]
[1, 311, 0.12671558558940887, 0.9081196581196581]
[1, 312, 0.08345872163772583, 0.9084132055378061]
[1, 313, 0.13762901723384857, 0.9084394904458599]
[1, 314, 0.03874119743704796, 0.9087301587301587]
[1, 315, 0.14394040405750275, 0.9087552742616034]
[1, 316, 0.05015845596790314, 0.9090431125131441]
[1, 317, 0.007495711091905832, 0.9093291404612159]
[1, 318, 0.19864274561405182, 0.9093521421107628]
[1, 319, 0.05809904634952545, 0.9096354166666667]
[1, 320, 0.015586654655635357, 0.9099169262720664]
[1, 321, 0.12610524892807007, 0.9099378881987578]
[1, 322, 0.026310300454497337, 0.9102167182662538]
[1, 323, 0.1575925499200821, 0.9102366255144033]
[1, 324, 0.5770208835601807, 0.91]
[1, 325, 0.07053285092115402, 0.9102760736196319]
[1, 326, 0.038460079580545425, 0.9105504587155964]
[1, 327, 0.36623528599739075, 0.9103150406504065]
[1, 328, 0.360427588224411, 0.910081053698075]
[1, 329, 0.380913645029068, 0.9098484848484848]
[1, 330, 0.14547055959701538, 0.9098690835850957]
[1, 331, 0.381960391998291, 0.9098895582329317]
[1, 332, 0.2789793908596039, 0.9099099099099099]
[1, 333, 0.8939289450645447, 0.909181636726547]
[1, 334, 0.01109312940388918, 0.909452736318408]
[1, 335, 0.31460049748420715, 0.9092261904761905]
[1, 336, 0.08479868620634079, 0.9094955489614244]
[1, 337, 0.08849968761205673, 0.9097633136094675]
[1, 338, 0.04468532279133797, 0.9100294985250738]
[1, 339, 0.7048636078834534, 0.9098039215686274]
[1, 340, 1.1778546571731567, 0.9093352883675464]
[1, 341, 1.2345517873764038, 0.9083820662768031]
[1, 342, 0.06352335959672928, 0.9086491739552964]
[1, 343, 0.1263871192932129, 0.908672480620155]
[1, 344, 0.6028195023536682, 0.908695652173913]
[1, 345, 0.4571615755558014, 0.9084778420038536]
[1, 346, 0.3272852599620819, 0.9085014409221902]
[1, 347, 0.6132562160491943, 0.9082854406130269]
[1, 348, 0.6188847422599792, 0.9073543457497613]
[1, 349, 0.09497135877609253, 0.9076190476190477]
[1, 350, 0.14158697426319122, 0.907644824311491]
[1, 351, 0.7788441777229309, 0.9071969696969697]
[1, 352, 0.06283409893512726, 0.9074598677998111]
[1, 353, 0.0176320169121027, 0.9077212806026366]
[1, 354, 0.6778051257133484, 0.9075117370892019]
[1, 355, 0.09324845671653748, 0.9077715355805244]
[1, 356, 0.0856911912560463, 0.9080298786181139]
[1, 357, 0.060798075050115585, 0.9082867783985102]
[1, 358, 0.14184051752090454, 0.9083101207056639]
[1, 359, 0.6235538125038147, 0.9083333333333333]
[1, 360, 0.05978657305240631, 0.9085872576177285]
[1, 361, 3.5044848918914795, 0.9074585635359116]
[1, 362, 0.16638033092021942, 0.907483930211203]
[1, 363, 0.011052876710891724, 0.9077380952380952]
[1, 364, 0.9232614636421204, 0.9070776255707762]
[1, 365, 0.3444623649120331, 0.906648451730419]
[1, 366, 0.357819527387619, 0.9066757493188011]
[1, 367, 0.3674849271774292, 0.9064764492753623]
[1, 368, 0.10012051463127136, 0.9065040650406504]
[1, 369, 0.39861464500427246, 0.9063063063063063]
[1, 370, 0.7976898550987244, 0.9061096136567834]
[1, 371, 0.30597010254859924, 0.9061379928315412]
[1, 372, 0.3674992024898529, 0.9061662198391421]
[1, 373, 0.21509809792041779, 0.9059714795008913]
[1, 374, 0.29985710978507996, 0.9057777777777778]
[1, 375, 0.07356634736061096, 0.9058067375886525]
[1, 376, 0.024157395586371422, 0.9060565870910698]
[1, 377, 0.02290084958076477, 0.906305114638448]
[1, 378, 0.1273004561662674, 0.9065523306948109]
[1, 379, 0.08019766956567764, 0.9067982456140351]
[1, 380, 0.011214226484298706, 0.9070428696412949]
[1, 381, 2.131319046020508, 0.9064136125654451]
[1, 382, 0.14664357900619507, 0.9064403829416884]
[1, 383, 0.22793738543987274, 0.9064670138888888]
[1, 384, 0.07461757957935333, 0.9067099567099567]
[1, 385, 0.4728672504425049, 0.9067357512953368]
[1, 386, 0.09910460561513901, 0.906761412575366]
[1, 387, 0.02481638453900814, 0.9070017182130584]
[1, 388, 0.010518590919673443, 0.9072407883461868]
[1, 389, 0.5120095610618591, 0.9072649572649573]
[1, 390, 0.14427733421325684, 0.9072890025575447]
[1, 391, 0.23054760694503784, 0.907312925170068]
[1, 392, 0.08742140978574753, 0.90754877014419]
[1, 393, 0.036242373287677765, 0.9077834179357022]
[1, 394, 0.08700412511825562, 0.9080168776371308]
[1, 395, 0.29955723881721497, 0.9078282828282829]
[1, 396, 0.0072409906424582005, 0.9080604534005038]
[1, 397, 0.027049189433455467, 0.9082914572864321]
[1, 398, 0.5567917227745056, 0.9081035923141186]
[1, 399, 0.12704354524612427, 0.908125]
[1, 400, 0.2868022620677948, 0.9081463009143808]
[1, 401, 0.43338003754615784, 0.908167495854063]
[1, 402, 0.2675755023956299, 0.9079818031430935]
[1, 403, 0.04849458858370781, 0.9082095709570958]
[1, 404, 0.09360474348068237, 0.9082304526748971]
[1, 405, 0.20195458829402924, 0.9082512315270936]
[1, 406, 0.5803454518318176, 0.9080671580671581]
[1, 407, 0.09618980437517166, 0.9080882352941176]
[1, 408, 0.652363121509552, 0.9079054604726976]
[1, 409, 0.030028095468878746, 0.908130081300813]
[1, 410, 0.013057936914265156, 0.9083536090835361]
[1, 411, 0.25081050395965576, 0.908373786407767]
[1, 412, 0.23296929895877838, 0.9083938660209847]
[1, 413, 0.4068111479282379, 0.90841384863124]
[1, 414, 0.0457603819668293, 0.9086345381526104]
[1, 415, 0.12524765729904175, 0.9086538461538461]
[1, 416, 0.08037003129720688, 0.9086730615507594]
[1, 417, 0.29868045449256897, 0.9084928229665071]
[1, 418, 0.42350420355796814, 0.9085123309466985]
[1, 419, 0.314267635345459, 0.9083333333333333]
[1, 420, 0.13529814779758453, 0.9083531274742677]
[1, 421, 0.048858482390642166, 0.9085703001579779]
[1, 422, 0.01657923124730587, 0.9087864460204885]
[1, 423, 0.13517744839191437, 0.9088050314465409]
[1, 424, 0.016959646716713905, 0.9090196078431373]
[1, 425, 0.0369480662047863, 0.9092331768388107]
[1, 426, 0.04556123539805412, 0.9094457455113193]
[1, 427, 0.30783557891845703, 0.9094626168224299]
[1, 428, 0.037261877208948135, 0.9096736596736597]
[1, 429, 0.13078629970550537, 0.9098837209302325]
[1, 430, 0.03835545852780342, 0.910092807424594]
[1, 431, 0.12638776004314423, 0.910108024691358]
[1, 432, 0.20834767818450928, 0.9101231716705158]
[1, 433, 0.03673604130744934, 0.9103302611367128]
[1, 434, 0.026663193479180336, 0.910536398467433]
[1, 435, 0.009425938129425049, 0.9107415902140673]
[1, 436, 0.015792638063430786, 0.9109458428680397]
[1, 437, 0.03736835718154907, 0.9111491628614916]
[1, 438, 1.6620793342590332, 0.9107820804859529]
[1, 439, 0.05314590409398079, 0.9109848484848485]
[1, 440, 0.030029768124222755, 0.9111866969009826]
[1, 441, 0.023670146241784096, 0.9113876319758673]
[1, 442, 0.013616700656712055, 0.9115876598946576]
[1, 443, 0.20977215468883514, 0.9115990990990991]
[1, 444, 0.015027880668640137, 0.9117977528089888]
[1, 445, 0.011904816143214703, 0.9119955156950673]
[1, 446, 0.1590220034122467, 0.9120059656972409]
[1, 447, 0.02663089893758297, 0.9122023809523809]
[1, 448, 0.06734484434127808, 0.9123979213066072]
[1, 449, 0.25305864214897156, 0.9124074074074074]
[1, 450, 0.37721285223960876, 0.9124168514412417]
[1, 451, 0.015425165183842182, 0.9126106194690266]
[1, 452, 0.07046254724264145, 0.91280353200883]
[1, 453, 0.13605107367038727, 0.9128120411160059]
[1, 454, 0.08346429467201233, 0.9128205128205128]
[1, 455, 0.06212960556149483, 0.9130116959064327]
[1, 456, 0.11834745854139328, 0.913202042304887]
[1, 457, 0.020098378881812096, 0.913391557496361]
[1, 458, 0.11823870986700058, 0.9135802469135802]
[1, 459, 0.012598375789821148, 0.913768115942029]
[1, 460, 0.024444788694381714, 0.9139551699204628]
[1, 461, 0.04624854400753975, 0.9141414141414141]
[1, 462, 0.05140417814254761, 0.9143268538516919]
[1, 463, 0.2570761442184448, 0.9143318965517241]
[1, 464, 0.33667492866516113, 0.9141577060931899]
[1, 465, 0.007082253694534302, 0.9143419170243204]
[1, 466, 0.22254438698291779, 0.9143468950749465]
[1, 467, 0.09939855337142944, 0.9143518518518519]
[1, 468, 0.045249417424201965, 0.9145344705046198]
[1, 469, 1.2850145101547241, 0.9145390070921986]
[1, 470, 0.5941668748855591, 0.9145435244161358]
[1, 471, 0.04348233714699745, 0.9147245762711864]
[1, 472, 0.27830204367637634, 0.9145525017618041]
[1, 473, 0.573303759098053, 0.914381153305204]
[1, 474, 0.43194007873535156, 0.9142105263157895]
[1, 475, 0.5019844174385071, 0.9142156862745098]
[1, 476, 0.278410941362381, 0.9142208245981831]
[1, 477, 1.1437793970108032, 0.9137029288702929]
[1, 478, 0.2114943265914917, 0.9135351426583159]
[1, 479, 0.03541814163327217, 0.9137152777777777]
[1, 480, 0.02163642644882202, 0.9138946638946639]
[1, 481, 0.08124973624944687, 0.914073305670816]
[1, 482, 0.22156958281993866, 0.9140786749482401]
[1, 483, 1.2326667308807373, 0.9137396694214877]
[1, 484, 0.1357944756746292, 0.9137457044673539]
[1, 485, 0.46873530745506287, 0.9135802469135802]
[1, 486, 0.13421539962291718, 0.913586584531143]
[1, 487, 0.18835651874542236, 0.9135928961748634]
[1, 488, 0.6804999709129333, 0.9134287661895024]
[1, 489, 0.015902340412139893, 0.9136054421768708]
[1, 490, 0.3442111015319824, 0.913611676849966]
[1, 491, 0.13214965164661407, 0.9136178861788617]
[1, 492, 0.07093647867441177, 0.9137931034482759]
[1, 493, 0.03160207346081734, 0.9139676113360324]
[1, 494, 0.23531906306743622, 0.913973063973064]
[1, 495, 0.198758065700531, 0.9138104838709677]
[1, 496, 0.3440750539302826, 0.9136485580147552]
[1, 497, 0.19080328941345215, 0.9136546184738956]
[1, 498, 0.1642661839723587, 0.9136606546426186]
[1, 499, 0.3431185185909271, 0.9135]
[1, 500, 0.3109956681728363, 0.9135063206919495]
[1, 501, 0.1695375293493271, 0.9135126162018592]
[1, 502, 0.3170571029186249, 0.9133532140490391]
[1, 503, 0.032360512763261795, 0.9135251322751323]
[1, 504, 0.086825430393219, 0.9136963696369637]
[1, 505, 0.45618996024131775, 0.9135375494071146]
[1, 506, 0.5186582207679749, 0.9135437212360289]
[1, 507, 0.08055020123720169, 0.9137139107611548]
[1, 508, 0.15133485198020935, 0.9137197118533071]
[1, 509, 0.3531143367290497, 0.913562091503268]
[2, 0, 0.03301521763205528, 1.0]
[2, 1, 0.030569711700081825, 1.0]
[2, 2, 0.007735729217529297, 1.0]
[2, 3, 0.16145865619182587, 0.9791666666666666]
[2, 4, 0.028640737757086754, 0.9833333333333333]
[2, 5, 0.1995503306388855, 0.9861111111111112]
[2, 6, 0.09663271903991699, 0.9761904761904762]
[2, 7, 0.2979776859283447, 0.96875]
[2, 8, 0.10405895859003067, 0.9629629629629629]
[2, 9, 0.13315068185329437, 0.9583333333333334]
[2, 10, 0.042167674750089645, 0.9621212121212122]
[2, 11, 0.29810258746147156, 0.9513888888888888]
[2, 12, 0.06705957651138306, 0.9551282051282052]
[2, 13, 0.06872441619634628, 0.9583333333333334]
[2, 14, 0.06659574061632156, 0.9611111111111111]
[2, 15, 0.13290242850780487, 0.9583333333333334]
[2, 16, 0.05743386223912239, 0.9607843137254902]
[2, 17, 0.013666778802871704, 0.9629629629629629]
[2, 18, 0.15733470022678375, 0.956140350877193]
[2, 19, 0.04143039882183075, 0.9583333333333334]
[2, 20, 0.15242207050323486, 0.9603174603174603]
[2, 21, 0.09646125882863998, 0.9583333333333334]
[2, 22, 0.4012881815433502, 0.9528985507246377]
[2, 23, 0.05838852748274803, 0.9548611111111112]
[2, 24, 0.01345051359385252, 0.9566666666666667]
[2, 25, 0.02168477512896061, 0.9583333333333334]
[2, 26, 0.2534169852733612, 0.9567901234567902]
[2, 27, 0.04475123807787895, 0.9583333333333334]
[2, 28, 0.6073818802833557, 0.9511494252873564]
[2, 29, 0.13882021605968475, 0.95]
[2, 30, 0.031130408868193626, 0.9516129032258065]
[2, 31, 0.026652425527572632, 0.953125]
[2, 32, 0.40103980898857117, 0.9494949494949495]
[2, 33, 0.008038610219955444, 0.9509803921568627]
[2, 34, 0.09834220260381699, 0.95]
[2, 35, 0.0189397931098938, 0.9513888888888888]
[2, 36, 0.017649879679083824, 0.9527027027027027]
[2, 37, 0.08455374836921692, 0.9539473684210527]
[2, 38, 0.04421521723270416, 0.9551282051282052]
[2, 39, 0.09320615977048874, 0.9541666666666667]
[2, 40, 0.10490790009498596, 0.9532520325203252]
[2, 41, 0.17872995138168335, 0.9523809523809523]
[2, 42, 0.051234930753707886, 0.9534883720930233]
[2, 43, 0.01873011887073517, 0.9545454545454546]
[2, 44, 0.0063965520821511745, 0.9555555555555556]
[2, 45, 0.012857168912887573, 0.9565217391304348]
[2, 46, 0.06367224454879761, 0.9574468085106383]
[2, 47, 0.23459596931934357, 0.9565972222222222]
[2, 48, 0.06898608803749084, 0.9574829931972789]
[2, 49, 0.2230326533317566, 0.9566666666666667]
[2, 50, 0.049276310950517654, 0.9575163398692811]
[2, 51, 0.043696869164705276, 0.9583333333333334]
[2, 52, 0.06418170779943466, 0.9591194968553459]
[2, 53, 0.6954774260520935, 0.9567901234567902]
[2, 54, 0.2313944548368454, 0.956060606060606]
[2, 55, 0.003553708316758275, 0.9568452380952381]
[2, 56, 1.7029404640197754, 0.956140350877193]
[2, 57, 0.024685049429535866, 0.9568965517241379]
[2, 58, 0.21658968925476074, 0.9562146892655368]
[2, 59, 0.1915866583585739, 0.9555555555555556]
[2, 60, 0.006499079521745443, 0.9562841530054644]
[2, 61, 0.13750125467777252, 0.9556451612903226]
[2, 62, 0.14544667303562164, 0.955026455026455]
[2, 63, 0.6690845489501953, 0.9505208333333334]
[2, 64, 0.036040738224983215, 0.9512820512820512]
[2, 65, 0.029198110103607178, 0.952020202020202]
[2, 66, 0.008995304815471172, 0.9527363184079602]
[2, 67, 0.007722815033048391, 0.9534313725490197]
[2, 68, 0.1819765567779541, 0.9528985507246377]
[2, 69, 0.06003323197364807, 0.9535714285714286]
[2, 70, 0.02426358126103878, 0.954225352112676]
[2, 71, 0.02995256520807743, 0.9548611111111112]
[2, 72, 0.19843590259552002, 0.954337899543379]
[2, 73, 0.007122635841369629, 0.954954954954955]
[2, 74, 0.03387441113591194, 0.9555555555555556]
[2, 75, 0.09804455190896988, 0.9550438596491229]
[2, 76, 0.4236162006855011, 0.9545454545454546]
[2, 77, 0.06111347675323486, 0.9551282051282052]
[2, 78, 0.10868572443723679, 0.9546413502109705]
[2, 79, 0.17614634335041046, 0.9541666666666667]
[2, 80, 0.19524705410003662, 0.9537037037037037]
[2, 81, 0.21457839012145996, 0.9522357723577236]
[2, 82, 0.206415057182312, 0.9518072289156626]
[2, 83, 0.7022004127502441, 0.9513888888888888]
[2, 84, 0.024025648832321167, 0.9519607843137254]
[2, 85, 0.24265478551387787, 0.9515503875968992]
[2, 86, 0.11418524384498596, 0.9511494252873564]
[2, 87, 0.07257717847824097, 0.9507575757575758]
[2, 88, 1.2255159616470337, 0.9466292134831461]
[2, 89, 0.14189867675304413, 0.9462962962962963]
[2, 90, 0.7683008313179016, 0.9432234432234432]
[2, 91, 0.4030221998691559, 0.9420289855072463]
[2, 92, 0.0041020712815225124, 0.942652329749104]
[2, 93, 0.05523943901062012, 0.9432624113475178]
[2, 94, 0.06830640882253647, 0.9438596491228071]
[2, 95, 0.3001669943332672, 0.9427083333333334]
[2, 96, 0.34377598762512207, 0.9424398625429553]
[2, 97, 0.08585653454065323, 0.9430272108843537]
[2, 98, 0.16930599510669708, 0.9427609427609428]
[2, 99, 1.5928312540054321, 0.94]
[2, 100, 2.249399423599243, 0.9381188118811881]
[2, 101, 0.44875815510749817, 0.9370915032679739]
[2, 102, 0.05445073917508125, 0.9377022653721683]
[2, 103, 0.003844519378617406, 0.938301282051282]
[2, 104, 0.023626292124390602, 0.9388888888888889]
[2, 105, 0.2547292411327362, 0.9378930817610063]
[2, 106, 0.027535969391465187, 0.9384735202492211]
[2, 107, 0.09922638535499573, 0.9382716049382716]
[2, 108, 0.07238170504570007, 0.9380733944954128]
[2, 109, 0.19688983261585236, 0.9378787878787879]
[2, 110, 0.05801432207226753, 0.9384384384384384]
[2, 111, 0.37810447812080383, 0.9382440476190477]
[2, 112, 0.23968881368637085, 0.9380530973451328]
[2, 113, 0.08598184585571289, 0.9378654970760234]
[2, 114, 0.41173291206359863, 0.9369565217391305]
[2, 115, 0.002697090385481715, 0.9375]
[2, 116, 0.18206946551799774, 0.9373219373219374]
[2, 117, 1.985303282737732, 0.9364406779661016]
[2, 118, 0.08273783326148987, 0.9362745098039216]
[2, 119, 0.5057627558708191, 0.9361111111111111]
[2, 120, 0.0020353395957499743, 0.9366391184573003]
[2, 121, 0.6088401079177856, 0.9351092896174863]
[2, 122, 0.07106172293424606, 0.9356368563685636]
[2, 123, 0.25463709235191345, 0.9354838709677419]
[2, 124, 0.017282476648688316, 0.936]
[2, 125, 0.01691684126853943, 0.9365079365079365]
[2, 126, 0.06969471275806427, 0.937007874015748]
[2, 127, 1.0212286710739136, 0.9368489583333334]
[2, 128, 0.07949797064065933, 0.9366925064599483]
[2, 129, 1.4131755828857422, 0.9352564102564103]
[2, 130, 0.10376522690057755, 0.9351145038167938]
[2, 131, 0.007106462959200144, 0.9356060606060606]
[2, 132, 0.053534556180238724, 0.9360902255639098]
[2, 133, 0.706566572189331, 0.9347014925373134]
[2, 134, 0.08620401471853256, 0.9345679012345679]
[2, 135, 0.6707122325897217, 0.9332107843137255]
[2, 136, 0.41030383110046387, 0.9324817518248175]
[2, 137, 0.01767848990857601, 0.9329710144927537]
[2, 138, 0.3318846821784973, 0.9328537170263789]
[2, 139, 0.08781829476356506, 0.9327380952380953]
[2, 140, 0.10673385858535767, 0.9326241134751773]
[2, 141, 0.34102126955986023, 0.9325117370892019]
[2, 142, 0.1266525536775589, 0.932983682983683]
[2, 143, 0.023371607065200806, 0.9334490740740741]
[2, 144, 0.03478876128792763, 0.9339080459770115]
[2, 145, 0.2412022352218628, 0.9337899543378996]
[2, 146, 0.06889749318361282, 0.9342403628117913]
[2, 147, 1.201614260673523, 0.9329954954954955]
[2, 148, 0.021395092830061913, 0.9334451901565995]
[2, 149, 0.013655860908329487, 0.9338888888888889]
[2, 150, 0.46106138825416565, 0.9337748344370861]
[2, 151, 0.19468891620635986, 0.9336622807017544]
[2, 152, 0.2706380784511566, 0.9335511982570807]
[2, 153, 1.5489343404769897, 0.9329004329004329]
[2, 154, 0.02093915082514286, 0.9333333333333333]
[2, 155, 1.029981017112732, 0.9326923076923077]
[2, 156, 0.36719927191734314, 0.9320594479830149]
[2, 157, 0.0739174410700798, 0.9324894514767933]
[2, 158, 0.13945724070072174, 0.9323899371069182]
[2, 159, 0.6292884945869446, 0.93125]
[2, 160, 0.4254858195781708, 0.9306418219461697]
[2, 161, 0.2095479965209961, 0.9305555555555556]
[2, 162, 0.08471640199422836, 0.9304703476482618]
[2, 163, 0.09069082885980606, 0.9308943089430894]
[2, 164, 0.0015568336239084601, 0.9313131313131313]
[2, 165, 0.05780668556690216, 0.9317269076305221]
[2, 166, 0.12418661266565323, 0.9316367265469062]
[2, 167, 0.14513100683689117, 0.9315476190476191]
[2, 168, 0.33065298199653625, 0.9309664694280079]
[2, 169, 0.8716673254966736, 0.9303921568627451]
[2, 170, 0.06237940117716789, 0.9307992202729045]
[2, 171, 0.04285162314772606, 0.9312015503875969]
[2, 172, 0.06573179364204407, 0.9311175337186898]
[2, 173, 0.10214265435934067, 0.9310344827586207]
[2, 174, 0.02980632521212101, 0.9314285714285714]
[2, 175, 0.1237349808216095, 0.931344696969697]
[2, 176, 0.2590045630931854, 0.931261770244821]
[2, 177, 0.05297216400504112, 0.9316479400749064]
[2, 178, 0.35124263167381287, 0.9315642458100558]
[2, 179, 0.016263911500573158, 0.9319444444444445]
[2, 180, 0.415252685546875, 0.9313996316758748]
[2, 181, 0.13487237691879272, 0.9313186813186813]
[2, 182, 0.11724420636892319, 0.9312386156648452]
[2, 183, 0.0074654617346823215, 0.9316123188405797]
[2, 184, 0.022678738459944725, 0.931981981981982]
[2, 185, 0.06932800263166428, 0.932347670250896]
[2, 186, 0.012281526811420918, 0.9327094474153298]
[2, 187, 0.24829572439193726, 0.9326241134751773]
[2, 188, 0.42461660504341125, 0.9325396825396826]
[2, 189, 0.3409617841243744, 0.9324561403508772]
[2, 190, 0.022129178047180176, 0.9328097731239092]
[2, 191, 0.13015232980251312, 0.9327256944444444]
[2, 192, 0.06379614770412445, 0.9330742659758203]
[2, 193, 0.051373112946748734, 0.9334192439862543]
[2, 194, 0.004147231578826904, 0.9337606837606838]
[2, 195, 0.7139241099357605, 0.9332482993197279]
[2, 196, 0.20524561405181885, 0.9331641285956007]
[2, 197, 0.16339504718780518, 0.9330808080808081]
[2, 198, 0.07449959218502045, 0.932998324958124]
[2, 199, 0.02545398473739624, 0.9333333333333333]
[2, 200, 0.04348375275731087, 0.9336650082918739]
[2, 201, 0.08923595398664474, 0.933993399339934]
[2, 202, 0.020984550938010216, 0.9343185550082101]
[2, 203, 2.035464286804199, 0.9342320261437909]
[2, 204, 0.10934241861104965, 0.9341463414634147]
[2, 205, 0.03049299865961075, 0.9344660194174758]
[2, 206, 0.03685421124100685, 0.9347826086956522]
[2, 207, 0.045830994844436646, 0.9350961538461539]
[2, 208, 0.017694851383566856, 0.9354066985645934]
[2, 209, 0.12128856778144836, 0.9353174603174603]
[2, 210, 0.09194720536470413, 0.9356240126382307]
[2, 211, 0.30185002088546753, 0.9351415094339622]
[2, 212, 0.11004776507616043, 0.935054773082942]
[2, 213, 0.08591032028198242, 0.9353582554517134]
[2, 214, 0.03708992153406143, 0.9356589147286821]
[2, 215, 0.22700607776641846, 0.935570987654321]
[2, 216, 0.1301959753036499, 0.9354838709677419]
[2, 217, 0.13972961902618408, 0.9353975535168195]
[2, 218, 0.0672287717461586, 0.9356925418569254]
[2, 219, 0.2618119716644287, 0.9356060606060606]
[2, 220, 0.010823567397892475, 0.9358974358974359]
[2, 221, 0.054578427225351334, 0.9361861861861862]
[2, 222, 0.24884189665317535, 0.9357249626307922]
[2, 223, 0.035213615745306015, 0.9360119047619048]
[2, 224, 0.11087396740913391, 0.9359259259259259]
[2, 225, 0.16005860269069672, 0.9358407079646017]
[2, 226, 0.1195342168211937, 0.9357562408223201]
[2, 227, 0.024011880159378052, 0.9360380116959064]
[2, 228, 0.10247170180082321, 0.9359534206695779]
[2, 229, 0.02453550696372986, 0.936231884057971]
[2, 230, 0.05630970001220703, 0.9365079365079365]
[2, 231, 0.06283319741487503, 0.9367816091954023]
[2, 232, 0.4512132704257965, 0.9363376251788269]
[2, 233, 0.03514353930950165, 0.9366096866096866]
[2, 234, 0.018242141231894493, 0.9368794326241134]
[2, 235, 0.0068668522872030735, 0.9371468926553672]
[2, 236, 0.3854076564311981, 0.9370604781997187]
[2, 237, 0.016022304072976112, 0.9373249299719888]
[2, 238, 0.014667640440165997, 0.9375871687587168]
[2, 239, 0.2835679054260254, 0.9375]
[2, 240, 0.11936121433973312, 0.9374135546334716]
[2, 241, 0.16363881528377533, 0.9373278236914601]
[2, 242, 0.18349970877170563, 0.9368998628257887]
[2, 243, 0.1006435751914978, 0.9368169398907104]
[2, 244, 0.06873724609613419, 0.9370748299319728]
[2, 245, 1.0172675848007202, 0.9366531165311653]
[2, 246, 0.3282668888568878, 0.9365721997300944]
[2, 247, 0.002792735816910863, 0.9368279569892473]
[2, 248, 0.01759469509124756, 0.9370816599732262]
[2, 249, 0.001238962053321302, 0.9373333333333334]
[2, 250, 0.055696163326501846, 0.9375830013280213]
[2, 251, 0.09972985833883286, 0.9375]
[2, 252, 0.027806684374809265, 0.9377470355731226]
[2, 253, 0.03735916689038277, 0.937992125984252]
[2, 254, 0.4401686489582062, 0.9375816993464052]
[2, 255, 0.031026363372802734, 0.9378255208333334]
[2, 256, 0.87840336561203, 0.9374189364461738]
[2, 257, 0.210013747215271, 0.9373385012919897]
[2, 258, 0.014313101768493652, 0.9375804375804376]
[2, 259, 0.14977701008319855, 0.9375]
[2, 260, 0.14946730434894562, 0.9377394636015326]
[2, 261, 0.1578638106584549, 0.9376590330788804]
[2, 262, 0.02984192781150341, 0.9378960709759189]
[2, 263, 0.4146059453487396, 0.9375]
[2, 264, 0.03378628194332123, 0.9377358490566038]
[2, 265, 0.6034457087516785, 0.9373433583959899]
[2, 266, 0.02575101889669895, 0.9375780274656679]
[2, 267, 0.3128259479999542, 0.9371890547263682]
[2, 268, 0.15351974964141846, 0.9368029739776952]
[2, 269, 0.5316137671470642, 0.9361111111111111]
[2, 270, 0.10878831148147583, 0.9360393603936039]
[2, 271, 0.029171129688620567, 0.9362745098039216]
[2, 272, 0.041525330394506454, 0.9365079365079365]
[2, 273, 0.10797552019357681, 0.9364355231143552]
[2, 274, 0.061215657740831375, 0.9366666666666666]
[2, 275, 0.26320603489875793, 0.9365942028985508]
[2, 276, 0.12565892934799194, 0.9365222623345367]
[2, 277, 0.015427857637405396, 0.9367505995203836]
[2, 278, 0.12064407020807266, 0.9366786140979689]
[2, 279, 0.04299116134643555, 0.9369047619047619]
[2, 280, 0.08093715459108353, 0.9371293001186239]
[2, 281, 0.04737613722681999, 0.9373522458628841]
[2, 282, 0.23543767631053925, 0.9372791519434629]
[2, 283, 0.08316213637590408, 0.9375]
[2, 284, 0.01564306952059269, 0.9377192982456141]
[2, 285, 0.16577105224132538, 0.9376456876456877]
[2, 286, 0.07712932676076889, 0.937862950058072]
[2, 287, 0.179735004901886, 0.9377893518518519]
[2, 288, 0.13712655007839203, 0.9377162629757786]
[2, 289, 0.006753069814294577, 0.9379310344827586]
[2, 290, 0.046848177909851074, 0.9381443298969072]
[2, 291, 0.07123344391584396, 0.9383561643835616]
[2, 292, 0.2848515212535858, 0.9382821387940842]
[2, 293, 0.013925358653068542, 0.9384920634920635]
[2, 294, 0.04259584844112396, 0.9387005649717514]
[2, 295, 0.009935100562870502, 0.9389076576576577]
[2, 296, 0.03629918769001961, 0.9391133557800224]
[2, 297, 0.07506902515888214, 0.939317673378076]
[2, 298, 0.018969396129250526, 0.939520624303233]
[2, 299, 0.047426432371139526, 0.9397222222222222]
[2, 300, 0.11367165297269821, 0.9396456256921373]
[2, 301, 0.04991021379828453, 0.9398454746136865]
[2, 302, 0.4254286289215088, 0.9392189218921893]
[2, 303, 0.03920085355639458, 0.9394188596491229]
[2, 304, 0.7062144875526428, 0.9390710382513662]
[2, 305, 0.2757124602794647, 0.9389978213507625]
[2, 306, 0.010161061771214008, 0.9391965255157437]
[2, 307, 0.002717395545914769, 0.9393939393939394]
[2, 308, 0.11985969543457031, 0.9393203883495146]
[2, 309, 0.05590416118502617, 0.9395161290322581]
[2, 310, 0.3613490164279938, 0.9389067524115756]
[2, 311, 0.06388435512781143, 0.9391025641025641]
[2, 312, 0.05404098331928253, 0.939297124600639]
[2, 313, 0.0330016054213047, 0.9394904458598726]
[2, 314, 0.06891687959432602, 0.9396825396825397]
[2, 315, 0.14747200906276703, 0.9396097046413502]
[2, 316, 0.09465312957763672, 0.9395373291272345]
[2, 317, 0.005133152008056641, 0.939727463312369]
[2, 318, 0.3302585482597351, 0.9393939393939394]
[2, 319, 0.22247199714183807, 0.9390625]
[2, 320, 0.026583323255181313, 0.9392523364485982]
[2, 321, 0.4429171085357666, 0.9389233954451346]
[2, 322, 0.041316721588373184, 0.9391124871001032]
[2, 323, 0.1502322554588318, 0.9390432098765432]
[2, 324, 0.027621319517493248, 0.9392307692307692]
[2, 325, 0.20786809921264648, 0.9386503067484663]
[2, 326, 0.016259202733635902, 0.9388379204892966]
[2, 327, 0.03773248568177223, 0.9390243902439024]
[2, 328, 0.25733450055122375, 0.9389564336372846]
[2, 329, 0.3335835933685303, 0.9386363636363636]
[2, 330, 0.07457675784826279, 0.9388217522658611]
[2, 331, 0.0920226201415062, 0.9387550200803213]
[2, 332, 0.15813179314136505, 0.9384384384384384]
[2, 333, 0.12821318209171295, 0.9383732534930139]
[2, 334, 0.01660929061472416, 0.9385572139303483]
[2, 335, 0.16493262350559235, 0.9382440476190477]
[2, 336, 0.021148353815078735, 0.9384272997032641]
[2, 337, 0.32609760761260986, 0.9383629191321499]
[2, 338, 0.11673825979232788, 0.938298918387414]
[2, 339, 0.6838383078575134, 0.9377450980392157]
[2, 340, 0.19177229702472687, 0.9376832844574781]
[2, 341, 0.056641917675733566, 0.9378654970760234]
[2, 342, 0.08478831499814987, 0.9378036929057337]
[2, 343, 0.0467088408768177, 0.937984496124031]
[2, 344, 0.20634955167770386, 0.9379227053140097]
[2, 345, 0.42720797657966614, 0.9378612716763006]
[2, 346, 0.09790699928998947, 0.9378001921229587]
[2, 347, 0.07974328845739365, 0.9377394636015326]
[2, 348, 0.20081879198551178, 0.9376790830945558]
[2, 349, 0.008576502092182636, 0.9378571428571428]
[2, 350, 0.03732679784297943, 0.938034188034188]
[2, 351, 0.11800137907266617, 0.9379734848484849]
[2, 352, 0.017683664336800575, 0.9381491973559962]
[2, 353, 0.03092597983777523, 0.9383239171374764]
[2, 354, 0.016040805727243423, 0.9384976525821597]
[2, 355, 0.10165738314390182, 0.9386704119850188]
[2, 356, 0.07147428393363953, 0.9388422035480859]
[2, 357, 0.07866784185171127, 0.9390130353817505]
[2, 358, 0.7757272720336914, 0.9384865366759517]
[2, 359, 0.15774710476398468, 0.9384259259259259]
[2, 360, 0.04039532318711281, 0.9385964912280702]
[2, 361, 0.05957980081439018, 0.9387661141804788]
[2, 362, 0.009114961139857769, 0.9389348025711662]
[2, 363, 0.012365658767521381, 0.9391025641025641]
[2, 364, 0.02200816012918949, 0.9392694063926941]
[2, 365, 0.7545453906059265, 0.9392076502732241]
[2, 366, 0.09717299789190292, 0.9393732970027248]
[2, 367, 0.018924186006188393, 0.9395380434782609]
[2, 368, 0.043375950306653976, 0.9397018970189702]
[2, 369, 0.04907526448369026, 0.9398648648648649]
[2, 370, 0.06593304127454758, 0.9400269541778976]
[2, 371, 0.05049639567732811, 0.9401881720430108]
[2, 372, 0.07749076187610626, 0.9403485254691689]
[2, 373, 0.004907657857984304, 0.9405080213903744]
[2, 374, 0.01210347842425108, 0.9406666666666667]
[2, 375, 0.20606963336467743, 0.9403812056737588]
[2, 376, 0.11492407321929932, 0.9403183023872679]
[2, 377, 0.08844735473394394, 0.9404761904761905]
[2, 378, 0.018117934465408325, 0.9406332453825857]
[2, 379, 0.005577733274549246, 0.9407894736842105]
[2, 380, 0.00863105058670044, 0.9409448818897638]
[2, 381, 0.002615590812638402, 0.9410994764397905]
[2, 382, 0.17657552659511566, 0.9410356832027851]
[2, 383, 0.009289543144404888, 0.9411892361111112]
[2, 384, 0.011110533960163593, 0.9413419913419914]
[2, 385, 0.007975389249622822, 0.9414939550949913]
[2, 386, 0.009884933941066265, 0.9416451335055986]
[2, 387, 0.018127113580703735, 0.9417955326460481]
[2, 388, 1.125622272491455, 0.9413024850042845]
[2, 389, 0.43857541680336, 0.941025641025641]
[2, 390, 0.22903139889240265, 0.9407502131287298]
[2, 391, 0.026201507076621056, 0.9409013605442177]
[2, 392, 0.008169750683009624, 0.9410517387616624]
[2, 393, 0.10260534286499023, 0.940989847715736]
[2, 394, 0.1878025382757187, 0.9409282700421941]
[2, 395, 0.305759996175766, 0.9406565656565656]
[2, 396, 0.041723787784576416, 0.9408060453400504]
[2, 397, 0.017343252897262573, 0.9409547738693468]
[2, 398, 0.14206522703170776, 0.9408939014202172]
[2, 399, 0.27573060989379883, 0.9408333333333333]
[2, 400, 0.1388431042432785, 0.9407730673316709]
[2, 401, 0.01382562518119812, 0.9409203980099502]
[2, 402, 0.041702985763549805, 0.9410669975186104]
[2, 403, 0.0512426495552063, 0.9412128712871287]
[2, 404, 0.07150065153837204, 0.941358024691358]
[2, 405, 0.04229937866330147, 0.9415024630541872]
[2, 406, 0.1433580368757248, 0.9414414414414415]
[2, 407, 0.03412796929478645, 0.9415849673202614]
[2, 408, 0.06560368835926056, 0.9417277913610432]
[2, 409, 0.16893471777439117, 0.9416666666666667]
[2, 410, 0.03394922614097595, 0.9418085969180859]
[2, 411, 0.039744988083839417, 0.9419498381877023]
[2, 412, 0.11502157896757126, 0.9418886198547215]
[2, 413, 0.4492916762828827, 0.9418276972624798]
[2, 414, 0.0996585562825203, 0.9417670682730924]
[2, 415, 0.17502392828464508, 0.9417067307692307]
[2, 416, 0.018525993451476097, 0.9418465227817746]
[2, 417, 0.01953808404505253, 0.9419856459330144]
[2, 418, 0.09741252660751343, 0.9419252187748608]
[2, 419, 0.3150356411933899, 0.9416666666666667]
[2, 420, 0.13523653149604797, 0.9416072842438639]
[2, 421, 0.010428179986774921, 0.9417456556082149]
[2, 422, 0.13981610536575317, 0.9416863672182821]
[2, 423, 0.030370250344276428, 0.9418238993710691]
[2, 424, 0.15101996064186096, 0.941764705882353]
[2, 425, 0.02973397634923458, 0.9419014084507042]
[2, 426, 0.041153233498334885, 0.9420374707259953]
[2, 427, 0.02258002758026123, 0.9421728971962616]
[2, 428, 0.029623523354530334, 0.9423076923076923]
[2, 429, 0.27666327357292175, 0.9420542635658915]
[2, 430, 0.025324290618300438, 0.9421887084300077]
[2, 431, 0.04350486397743225, 0.9423225308641975]
[2, 432, 0.005967855453491211, 0.9424557351809084]
[2, 433, 0.09491631388664246, 0.9423963133640553]
[2, 434, 0.1436854600906372, 0.9423371647509579]
[2, 435, 0.06030451878905296, 0.9424694189602446]
[2, 436, 0.038934700191020966, 0.9426010678871091]
[2, 437, 0.008151332847774029, 0.9427321156773212]
[2, 438, 0.02756672166287899, 0.9428625664388762]
[2, 439, 0.33767738938331604, 0.9426136363636364]
[2, 440, 0.16844801604747772, 0.9425547996976569]
[2, 441, 0.019223282113671303, 0.942684766214178]
[2, 442, 0.003948837518692017, 0.9428141459744168]
[2, 443, 0.22381575405597687, 0.9427552552552553]
[2, 444, 0.060855377465486526, 0.9428838951310862]
[2, 445, 0.011184662580490112, 0.9430119581464873]
[2, 446, 0.031218180432915688, 0.9431394481730052]
[2, 447, 0.031569939106702805, 0.9432663690476191]
[2, 448, 0.246892049908638, 0.9432071269487751]
[2, 449, 0.0035466153640300035, 0.9433333333333334]
[2, 450, 0.048572760075330734, 0.9434589800443459]
[2, 451, 0.01621151901781559, 0.9435840707964602]
[2, 452, 0.17297522723674774, 0.9435246504782928]
[2, 453, 0.04670274257659912, 0.9436490455212923]
[2, 454, 0.009343813173472881, 0.9437728937728938]
[2, 455, 0.029526403173804283, 0.9438961988304093]
[2, 456, 0.0273734237998724, 0.9440189642596645]
[2, 457, 0.08574291318655014, 0.9441411935953421]
[2, 458, 0.01240085531026125, 0.9442628903413217]
[2, 459, 0.004524549003690481, 0.9443840579710145]
[2, 460, 0.04968912526965141, 0.9445046999276934]
[2, 461, 0.01188283134251833, 0.9446248196248196]
[2, 462, 0.009133607149124146, 0.9447444204463643]
[2, 463, 0.06981785595417023, 0.9448635057471264]
[2, 464, 0.016106069087982178, 0.9449820788530466]
[2, 465, 0.036306411027908325, 0.9451001430615165]
[2, 466, 0.013141483068466187, 0.9452177016416845]
[2, 467, 0.021163463592529297, 0.9453347578347578]
[2, 468, 0.3402952253818512, 0.945273631840796]
[2, 469, 0.03514931723475456, 0.9453900709219858]
[2, 470, 0.10745624452829361, 0.9455060155697098]
[2, 471, 0.20398811995983124, 0.9454449152542372]
[2, 472, 0.03712784871459007, 0.9455602536997886]
[2, 473, 0.006633847951889038, 0.945675105485232]
[2, 474, 0.017670491710305214, 0.9457894736842105]
[2, 475, 0.009378015995025635, 0.9459033613445378]
[2, 476, 0.008105586282908916, 0.9460167714884696]
[2, 477, 0.012829701416194439, 0.9461297071129707]
[2, 478, 0.045190002769231796, 0.9462421711899791]
[2, 479, 0.00174713134765625, 0.9463541666666667]
[2, 480, 0.2711127996444702, 0.9462924462924462]
[2, 481, 0.6505842804908752, 0.9462309820193637]
[2, 482, 0.01571054197847843, 0.9463423050379572]
[2, 483, 0.002852539299055934, 0.9464531680440771]
[2, 484, 0.04382465407252312, 0.9465635738831615]
[2, 485, 0.20708103477954865, 0.9465020576131687]
[2, 486, 0.013229002244770527, 0.946611909650924]
[2, 487, 0.028011208400130272, 0.9467213114754098]
[2, 488, 0.013238002546131611, 0.9468302658486708]
[2, 489, 0.26787471771240234, 0.9467687074829932]
[2, 490, 0.0033146191854029894, 0.946877121520706]
[2, 491, 0.0073905386961996555, 0.9469850948509485]
[2, 492, 0.0558168850839138, 0.9470926301555105]
[2, 493, 0.253483384847641, 0.9470310391363023]
[2, 494, 0.09852639585733414, 0.946969696969697]
[2, 495, 0.0025319457054138184, 0.9470766129032258]
[2, 496, 0.01755828596651554, 0.9471830985915493]
[2, 497, 0.005147735122591257, 0.947289156626506]
[2, 498, 0.21253927052021027, 0.9472277889111557]
[2, 499, 0.021154383197426796, 0.9473333333333334]
[2, 500, 0.05824124440550804, 0.9474384564204924]
[2, 501, 0.028499221429228783, 0.9475431606905711]
[2, 502, 0.0015876293182373047, 0.9476474486414844]
[2, 503, 0.0686020627617836, 0.9477513227513228]
[2, 504, 0.018589118495583534, 0.9478547854785478]
[2, 505, 0.004467278718948364, 0.9479578392621871]
[2, 506, 0.0276557058095932, 0.948060486522025]
[2, 507, 0.06316572427749634, 0.9481627296587927]
[2, 508, 0.025600358843803406, 0.9482645710543549]
[2, 509, 0.9093196392059326, 0.9482026143790849]
[3, 0, 0.01900465227663517, 1.0]
[3, 1, 0.017923405393958092, 1.0]
[3, 2, 0.07111523300409317, 0.9722222222222222]
[3, 3, 0.14998078346252441, 0.9583333333333334]
[3, 4, 0.33932924270629883, 0.9333333333333333]
[3, 5, 0.010866443626582623, 0.9444444444444444]
[3, 6, 0.007180382963269949, 0.9523809523809523]
[3, 7, 0.15778176486492157, 0.9479166666666666]
[3, 8, 0.31548333168029785, 0.9444444444444444]
[3, 9, 0.013173242099583149, 0.95]
[3, 10, 0.007231602910906076, 0.9545454545454546]
[3, 11, 0.13221578299999237, 0.9513888888888888]
[3, 12, 0.1898208111524582, 0.9487179487179487]
[3, 13, 0.07374822348356247, 0.9523809523809523]
[3, 14, 0.24344776570796967, 0.95]
