index: 1/128
index: 2/128
index: 3/128
index: 4/128
index: 5/128
index: 6/128
index: 7/128
index: 8/128
index: 9/128
index: 10/128
index: 11/128
index: 12/128
index: 13/128
index: 14/128
index: 15/128
index: 16/128
index: 17/128
index: 18/128
index: 19/128
index: 20/128
index: 21/128
index: 22/128
index: 23/128
index: 24/128
index: 25/128
index: 26/128
index: 27/128
index: 28/128
index: 29/128
index: 30/128
index: 31/128
index: 32/128
index: 33/128
index: 34/128
index: 35/128
index: 36/128
index: 37/128
index: 38/128
index: 39/128
index: 40/128
index: 41/128
index: 42/128
index: 43/128
index: 44/128
index: 45/128
index: 46/128
index: 47/128
index: 48/128
index: 49/128
index: 50/128
index: 51/128
index: 52/128
index: 53/128
index: 54/128
index: 55/128
index: 56/128
index: 57/128
index: 58/128
index: 59/128
index: 60/128
index: 61/128
index: 62/128
index: 63/128
index: 64/128
index: 65/128
index: 66/128
index: 67/128
index: 68/128
index: 69/128
index: 70/128
index: 71/128
index: 72/128
index: 73/128
index: 74/128
index: 75/128
index: 76/128
index: 77/128
index: 78/128
index: 79/128
index: 80/128
index: 81/128
index: 82/128
index: 83/128
index: 84/128
index: 85/128
index: 86/128
index: 87/128
index: 88/128
index: 89/128
index: 90/128
index: 91/128
index: 92/128
index: 93/128
index: 94/128
index: 95/128
index: 96/128
index: 97/128
index: 98/128
index: 99/128
index: 100/128
index: 101/128
index: 102/128
index: 103/128
index: 104/128
index: 105/128
index: 106/128
index: 107/128
index: 108/128
index: 109/128
index: 110/128
index: 111/128
index: 112/128
index: 113/128
index: 114/128
index: 115/128
index: 116/128
index: 117/128
index: 118/128
index: 119/128
index: 120/128
index: 121/128
index: 122/128
index: 123/128
index: 124/128
index: 125/128
index: 126/128
index: 127/128
index: 128/128

Accuracy: 0.9792
Precision: 0.9818
Recall: 0.9767
F1_Score: 0.9792
Total time cost: 0:00:16.936044
Each image needs: 0:00:00.011026
[0.9791666666666666, 0.9817708333333334, 0.9766839378238342, 0.9792207792207793]
[[750  14]
 [ 18 754]]